<?xml version="1.0" encoding="utf-8"?>
<TestRun id="08a406ef-bd75-4fd8-a071-12cdaf124520" name="Sebastian@SEBASTIAN 2025-12-15 17:42:34" runUser="SEBASTIAN\Sebastian" xmlns="http://microsoft.com/schemas/VisualStudio/TeamTest/2010">
  <Times creation="2025-12-15T17:42:34.3101806-05:00" queuing="2025-12-15T17:42:34.3101832-05:00" start="2025-12-15T17:42:32.9892250-05:00" finish="2025-12-15T17:42:35.6363710-05:00" />
  <TestSettings name="default" id="12b4b583-29d7-4c54-8076-abe361dc414c">
    <Deployment runDeploymentRoot="Sebastian_SEBASTIAN_2025-12-15_17_42_34" />
  </TestSettings>
  <Results>
    <UnitTestResult executionId="0030d749-ae9d-4345-ae4a-08eb53dbe29e" testId="06ec7ff9-485d-ec75-f564-55154180babc" testName="GestionDeMisiones.Tests.UnitTests.Services.SubordinacionServiceTests.SubordinacionService_CrearAsync_HechiceroNoExiste_LanzaExcepcion" computerName="SEBASTIAN" duration="00:00:00.0076352" startTime="2025-12-15T17:42:34.4236777-05:00" endTime="2025-12-15T17:42:34.4236780-05:00" testType="13cdc9d9-ddb5-4fa4-a97d-d965ccfc6d4b" outcome="Passed" testListId="8c84fa94-04c1-424b-9868-57a2d4851a1d" relativeResultsDirectory="0030d749-ae9d-4345-ae4a-08eb53dbe29e" />
    <UnitTestResult executionId="d0d9323a-f421-4329-b7ae-6a13ad0398df" testId="7c761b68-a596-9216-43d9-4556f51a9636" testName="GestionDeMisiones.Tests.UnitTests.Services.MisionServicePhase2Tests.UpdateAsync_EnProgresoACompletadaFracaso_Ok" computerName="SEBASTIAN" duration="00:00:00.0080105" startTime="2025-12-15T17:42:34.5642257-05:00" endTime="2025-12-15T17:42:34.5642264-05:00" testType="13cdc9d9-ddb5-4fa4-a97d-d965ccfc6d4b" outcome="Passed" testListId="8c84fa94-04c1-424b-9868-57a2d4851a1d" relativeResultsDirectory="d0d9323a-f421-4329-b7ae-6a13ad0398df" />
    <UnitTestResult executionId="bb0971d2-8b1c-47b9-a503-b4c56c32a9bb" testId="466cda45-ee29-0996-68c9-b7fec9b5fe41" testName="GestionDeMisiones.Tests.UnitTests.Services.SolicitudServicePhase1Tests.UpdateAsync_SolicitudNoExiste_RetornaError" computerName="SEBASTIAN" duration="00:00:00.0025458" startTime="2025-12-15T17:42:34.4395407-05:00" endTime="2025-12-15T17:42:34.4395412-05:00" testType="13cdc9d9-ddb5-4fa4-a97d-d965ccfc6d4b" outcome="Passed" testListId="8c84fa94-04c1-424b-9868-57a2d4851a1d" relativeResultsDirectory="bb0971d2-8b1c-47b9-a503-b4c56c32a9bb" />
    <UnitTestResult executionId="d6bed0ba-d39b-4979-98af-7bea970c0662" testId="779d5a50-8bb0-e85e-fab8-a98f26ea0d58" testName="GestionDeMisiones.Tests.UnitTests.Models.MisionTests.Mision_TodosLosEstados_Validos(estado: Pendiente)" computerName="SEBASTIAN" duration="00:00:00.0273549" startTime="2025-12-15T17:42:34.2195152-05:00" endTime="2025-12-15T17:42:34.2195153-05:00" testType="13cdc9d9-ddb5-4fa4-a97d-d965ccfc6d4b" outcome="Passed" testListId="8c84fa94-04c1-424b-9868-57a2d4851a1d" relativeResultsDirectory="d6bed0ba-d39b-4979-98af-7bea970c0662" />
    <UnitTestResult executionId="0f5925af-3a47-447a-90a7-f4e2ebae582c" testId="4c850baa-b2b2-6d67-b4b7-f5f656af1b74" testName="GestionDeMisiones.Tests.UnitTests.Models.MisionTests.Mision_TodosLosEstados_Validos(estado: CompletadaConFracaso)" computerName="SEBASTIAN" duration="00:00:00.0000460" startTime="2025-12-15T17:42:34.2217260-05:00" endTime="2025-12-15T17:42:34.2217261-05:00" testType="13cdc9d9-ddb5-4fa4-a97d-d965ccfc6d4b" outcome="Passed" testListId="8c84fa94-04c1-424b-9868-57a2d4851a1d" relativeResultsDirectory="0f5925af-3a47-447a-90a7-f4e2ebae582c" />
    <UnitTestResult executionId="5aa8c2c9-059d-4f9b-a652-43be5af69e02" testId="80f8281a-0ca8-ddf1-8af0-40c1c9599c5e" testName="GestionDeMisiones.Tests.UnitTests.Services.SolicitudServicePhase1Tests.UpdateAsync_AtendienteAAtendida_NoDispararaCascada" computerName="SEBASTIAN" duration="00:00:00.0036674" startTime="2025-12-15T17:42:34.5651783-05:00" endTime="2025-12-15T17:42:34.5651785-05:00" testType="13cdc9d9-ddb5-4fa4-a97d-d965ccfc6d4b" outcome="Passed" testListId="8c84fa94-04c1-424b-9868-57a2d4851a1d" relativeResultsDirectory="5aa8c2c9-059d-4f9b-a652-43be5af69e02" />
    <UnitTestResult executionId="1110e36c-2bb6-4f68-b0a2-cc699b31218a" testId="3a4fb8ae-c92c-2850-0b7d-20ea615d4cd7" testName="GestionDeMisiones.Tests.UnitTests.Controllers.HechiceroControllerTests.HechiceroController_GetHechiceroById_HechiceroExiste_RetornaOK" computerName="SEBASTIAN" duration="00:00:00.0046520" startTime="2025-12-15T17:42:34.4191553-05:00" endTime="2025-12-15T17:42:34.4191560-05:00" testType="13cdc9d9-ddb5-4fa4-a97d-d965ccfc6d4b" outcome="Passed" testListId="8c84fa94-04c1-424b-9868-57a2d4851a1d" relativeResultsDirectory="1110e36c-2bb6-4f68-b0a2-cc699b31218a" />
    <UnitTestResult executionId="fd4df3ac-a036-43cc-87c6-bbb66fb0d96c" testId="23d3e53b-d630-0b39-cc06-faf4adca5486" testName="GestionDeMisiones.Tests.UnitTests.Models.MisionTests.Mision_TodosLosNivelesUrgencia_Validos(nivelUrgencia: EmergenciaCritica)" computerName="SEBASTIAN" duration="00:00:00.0005106" startTime="2025-12-15T17:42:34.2670628-05:00" endTime="2025-12-15T17:42:34.2670628-05:00" testType="13cdc9d9-ddb5-4fa4-a97d-d965ccfc6d4b" outcome="Passed" testListId="8c84fa94-04c1-424b-9868-57a2d4851a1d" relativeResultsDirectory="fd4df3ac-a036-43cc-87c6-bbb66fb0d96c" />
    <UnitTestResult executionId="753b98e4-d777-4d70-bf1c-116c54f80d3d" testId="695f7e30-762a-893a-6c84-8b354b68a2b2" testName="GestionDeMisiones.Tests.UnitTests.Models.MisionTests.Mision_PropiedadesAdicionales_ConfiguradasCorrectamente" computerName="SEBASTIAN" duration="00:00:00.0077673" startTime="2025-12-15T17:42:34.2725041-05:00" endTime="2025-12-15T17:42:34.2725042-05:00" testType="13cdc9d9-ddb5-4fa4-a97d-d965ccfc6d4b" outcome="Passed" testListId="8c84fa94-04c1-424b-9868-57a2d4851a1d" relativeResultsDirectory="753b98e4-d777-4d70-bf1c-116c54f80d3d" />
    <UnitTestResult executionId="3b7d4424-69e7-4ed6-b2f2-370f0e8da432" testId="62d85730-417e-8c32-bf6b-9d5c1581f4e6" testName="GestionDeMisiones.Tests.UnitTests.Services.SolicitudServicePhase1Tests.DeleteAsync_SolicitudEnPendiente_PermiteEliminar" computerName="SEBASTIAN" duration="00:00:00.0044440" startTime="2025-12-15T17:42:34.5614890-05:00" endTime="2025-12-15T17:42:34.5614904-05:00" testType="13cdc9d9-ddb5-4fa4-a97d-d965ccfc6d4b" outcome="Passed" testListId="8c84fa94-04c1-424b-9868-57a2d4851a1d" relativeResultsDirectory="3b7d4424-69e7-4ed6-b2f2-370f0e8da432" />
    <UnitTestResult executionId="9d8d1e92-0e21-4e89-8e51-311a31065b42" testId="4636e77c-e9a0-2cbf-fc09-d7a5a7199beb" testName="GestionDeMisiones.Tests.UnitTests.Services.SubordinacionServiceTests.SubordinacionService_GetAllAsync_RetornaTodasSubordinaciones" computerName="SEBASTIAN" duration="00:00:00.0043025" startTime="2025-12-15T17:42:34.4343861-05:00" endTime="2025-12-15T17:42:34.4343865-05:00" testType="13cdc9d9-ddb5-4fa4-a97d-d965ccfc6d4b" outcome="Passed" testListId="8c84fa94-04c1-424b-9868-57a2d4851a1d" relativeResultsDirectory="9d8d1e92-0e21-4e89-8e51-311a31065b42" />
    <UnitTestResult executionId="0102aca9-1817-4dc3-90c9-7af1896c3a3c" testId="01389281-fd4f-66c4-78ee-69bebbd55c30" testName="GestionDeMisiones.Tests.UnitTests.Controllers.HechiceroControllerTests.HechiceroController_NewHechicero_DatosValidos_CreaYRetornaCreated" computerName="SEBASTIAN" duration="00:00:00.0013529" startTime="2025-12-15T17:42:34.4143368-05:00" endTime="2025-12-15T17:42:34.4143375-05:00" testType="13cdc9d9-ddb5-4fa4-a97d-d965ccfc6d4b" outcome="Passed" testListId="8c84fa94-04c1-424b-9868-57a2d4851a1d" relativeResultsDirectory="0102aca9-1817-4dc3-90c9-7af1896c3a3c" />
    <UnitTestResult executionId="a6035a04-7a47-479f-8f2b-6d291f4e61e3" testId="a07ddf8f-9d1d-8fcf-7545-557ea018b8c2" testName="GestionDeMisiones.Tests.UnitTests.Repositories.SubordinacionRepositoryTests.SubordinacionRepository_AddAsync_CreaSubordinacionCorrectamente" computerName="SEBASTIAN" duration="00:00:00.0502257" startTime="2025-12-15T17:42:35.5001597-05:00" endTime="2025-12-15T17:42:35.5001600-05:00" testType="13cdc9d9-ddb5-4fa4-a97d-d965ccfc6d4b" outcome="Passed" testListId="8c84fa94-04c1-424b-9868-57a2d4851a1d" relativeResultsDirectory="a6035a04-7a47-479f-8f2b-6d291f4e61e3" />
    <UnitTestResult executionId="4036622f-8ee5-4754-92c2-553af30f88a8" testId="bf5629db-3021-9bb3-4f27-21a483bd2dba" testName="GestionDeMisiones.Tests.UnitTests.Services.SolicitudServicePhase1Tests.UpdateAsync_PendienteAAtendiendo_CreaMisionYHechiceroEncargado" computerName="SEBASTIAN" duration="00:00:00.1144690" startTime="2025-12-15T17:42:34.5541654-05:00" endTime="2025-12-15T17:42:34.5541659-05:00" testType="13cdc9d9-ddb5-4fa4-a97d-d965ccfc6d4b" outcome="Passed" testListId="8c84fa94-04c1-424b-9868-57a2d4851a1d" relativeResultsDirectory="4036622f-8ee5-4754-92c2-553af30f88a8" />
    <UnitTestResult executionId="cd3d694a-fe22-45a6-85ac-5b896c7be409" testId="45389bdb-f074-0b73-e890-302847beb7e1" testName="GestionDeMisiones.Tests.UnitTests.Models.MisionTests.Mision_CrearConFechasInvalidas_ConstructorProtege" computerName="SEBASTIAN" duration="00:00:00.0006051" startTime="2025-12-15T17:42:34.2672113-05:00" endTime="2025-12-15T17:42:34.2672114-05:00" testType="13cdc9d9-ddb5-4fa4-a97d-d965ccfc6d4b" outcome="Passed" testListId="8c84fa94-04c1-424b-9868-57a2d4851a1d" relativeResultsDirectory="cd3d694a-fe22-45a6-85ac-5b896c7be409" />
    <UnitTestResult executionId="97fe047d-37c7-4598-9dcb-8ee4d873d91a" testId="8d7d3a81-52eb-7f07-8c09-ebf827bcb228" testName="GestionDeMisiones.Tests.UnitTests.Models.HechiceroTests.Hechicero_TodosLosEstadosValidos_CreaCorrectamente(estado: inactivo)" computerName="SEBASTIAN" duration="00:00:00.0014880" startTime="2025-12-15T17:42:34.2714977-05:00" endTime="2025-12-15T17:42:34.2714980-05:00" testType="13cdc9d9-ddb5-4fa4-a97d-d965ccfc6d4b" outcome="Passed" testListId="8c84fa94-04c1-424b-9868-57a2d4851a1d" relativeResultsDirectory="97fe047d-37c7-4598-9dcb-8ee4d873d91a" />
    <UnitTestResult executionId="f50841ff-bee1-498b-94e0-e4513781ed65" testId="045e75d3-1506-2db9-f93a-6b253bb1adb0" testName="GestionDeMisiones.Tests.UnitTests.Models.HechiceroTests.Hechicero_TodosLosEstadosValidos_CreaCorrectamente(estado: recuperandose)" computerName="SEBASTIAN" duration="00:00:00.0000120" startTime="2025-12-15T17:42:34.2717559-05:00" endTime="2025-12-15T17:42:34.2717560-05:00" testType="13cdc9d9-ddb5-4fa4-a97d-d965ccfc6d4b" outcome="Passed" testListId="8c84fa94-04c1-424b-9868-57a2d4851a1d" relativeResultsDirectory="f50841ff-bee1-498b-94e0-e4513781ed65" />
    <UnitTestResult executionId="642c4e2e-532d-496c-a788-9b681e5cb789" testId="b931cff3-6346-ebca-76fe-d495438a0363" testName="GestionDeMisiones.Tests.UnitTests.Models.HechiceroTests.Hechicero_TodosLosGradosValidos_CreaCorrectamente(grado: especial)" computerName="SEBASTIAN" duration="00:00:00.0042218" startTime="2025-12-15T17:42:34.2219461-05:00" endTime="2025-12-15T17:42:34.2219461-05:00" testType="13cdc9d9-ddb5-4fa4-a97d-d965ccfc6d4b" outcome="Passed" testListId="8c84fa94-04c1-424b-9868-57a2d4851a1d" relativeResultsDirectory="642c4e2e-532d-496c-a788-9b681e5cb789" />
    <UnitTestResult executionId="2cc4847f-7c36-4f1a-9d3b-0d705dd4719e" testId="6686a9b6-c1ef-3130-708e-907dde788a85" testName="GestionDeMisiones.Tests.UnitTests.Services.MisionServicePhase2Tests.UpdateAsync_PendienteAEnProgreso_FaltaDatos_Error" computerName="SEBASTIAN" duration="00:00:00.0015833" startTime="2025-12-15T17:42:34.5658982-05:00" endTime="2025-12-15T17:42:34.5658984-05:00" testType="13cdc9d9-ddb5-4fa4-a97d-d965ccfc6d4b" outcome="Passed" testListId="8c84fa94-04c1-424b-9868-57a2d4851a1d" relativeResultsDirectory="2cc4847f-7c36-4f1a-9d3b-0d705dd4719e" />
    <UnitTestResult executionId="dbe055ef-ecaa-4073-b634-e5394ce830a4" testId="338a8fb4-5991-f630-b4cd-514e89e935db" testName="GestionDeMisiones.Tests.UnitTests.Models.MisionTests.Mision_TodosLosEstados_Validos(estado: EnProgreso)" computerName="SEBASTIAN" duration="00:00:00.0003885" startTime="2025-12-15T17:42:34.2215464-05:00" endTime="2025-12-15T17:42:34.2215465-05:00" testType="13cdc9d9-ddb5-4fa4-a97d-d965ccfc6d4b" outcome="Passed" testListId="8c84fa94-04c1-424b-9868-57a2d4851a1d" relativeResultsDirectory="dbe055ef-ecaa-4073-b634-e5394ce830a4" />
    <UnitTestResult executionId="e46b6785-bb23-4646-915d-0d3e478a1ae1" testId="99b30739-2ac0-210e-e768-867b88d0c436" testName="GestionDeMisiones.Tests.UnitTests.Repositories.SubordinacionRepositoryTests.SubordinacionRepository_GetByIdAsync_RetornaConRelaciones" computerName="SEBASTIAN" duration="00:00:00.0284733" startTime="2025-12-15T17:42:35.5287681-05:00" endTime="2025-12-15T17:42:35.5287689-05:00" testType="13cdc9d9-ddb5-4fa4-a97d-d965ccfc6d4b" outcome="Passed" testListId="8c84fa94-04c1-424b-9868-57a2d4851a1d" relativeResultsDirectory="e46b6785-bb23-4646-915d-0d3e478a1ae1" />
    <UnitTestResult executionId="da7540fe-65c5-4bb2-bd89-b7a34815dc9e" testId="0eb0deed-ef2f-3eb2-5d7e-e8e3422db461" testName="GestionDeMisiones.Tests.UnitTests.Services.SolicitudServicePhase1Tests.UpdateAsync_TransicionNoPernmitida_RetornaError" computerName="SEBASTIAN" duration="00:00:00.0044083" startTime="2025-12-15T17:42:34.4368408-05:00" endTime="2025-12-15T17:42:34.4368414-05:00" testType="13cdc9d9-ddb5-4fa4-a97d-d965ccfc6d4b" outcome="Passed" testListId="8c84fa94-04c1-424b-9868-57a2d4851a1d" relativeResultsDirectory="da7540fe-65c5-4bb2-bd89-b7a34815dc9e" />
    <UnitTestResult executionId="f74ff0c2-5f25-4836-8b2a-80c72fb0670b" testId="dc4a5513-7520-0fc9-7720-55622c55c95a" testName="GestionDeMisiones.Tests.UnitTests.Models.HechiceroTests.Hechicero_TodosLosEstadosValidos_CreaCorrectamente(estado: activo)" computerName="SEBASTIAN" duration="00:00:00.0000103" startTime="2025-12-15T17:42:34.2720514-05:00" endTime="2025-12-15T17:42:34.2720517-05:00" testType="13cdc9d9-ddb5-4fa4-a97d-d965ccfc6d4b" outcome="Passed" testListId="8c84fa94-04c1-424b-9868-57a2d4851a1d" relativeResultsDirectory="f74ff0c2-5f25-4836-8b2a-80c72fb0670b" />
    <UnitTestResult executionId="c09511bd-7c07-414b-a024-a388d0715e0d" testId="249f3ab1-6a72-f8ad-3a50-48df5e7645a2" testName="GestionDeMisiones.Tests.UnitTests.Repositories.MisionesEnRangoRepositoryTests.MisionesEnRangoRepository_GetMisionesCompletadasPorRango_RetornaCorrectamente" computerName="SEBASTIAN" duration="00:00:01.3307731" startTime="2025-12-15T17:42:35.4823777-05:00" endTime="2025-12-15T17:42:35.4823786-05:00" testType="13cdc9d9-ddb5-4fa4-a97d-d965ccfc6d4b" outcome="Passed" testListId="8c84fa94-04c1-424b-9868-57a2d4851a1d" relativeResultsDirectory="c09511bd-7c07-414b-a024-a388d0715e0d" />
    <UnitTestResult executionId="8cefd074-6f6e-42bb-84ab-54dbcea84755" testId="73085fca-127c-6a4e-c777-651fa4a13064" testName="GestionDeMisiones.Tests.UnitTests.Repositories.HechiceroRepositoryTests.HechiceroRepository_ObtenerPorId_RetornaHechiceroConDatosCompletos" computerName="SEBASTIAN" duration="00:00:00.0017884" startTime="2025-12-15T17:42:35.5216850-05:00" endTime="2025-12-15T17:42:35.5216853-05:00" testType="13cdc9d9-ddb5-4fa4-a97d-d965ccfc6d4b" outcome="Passed" testListId="8c84fa94-04c1-424b-9868-57a2d4851a1d" relativeResultsDirectory="8cefd074-6f6e-42bb-84ab-54dbcea84755" />
    <UnitTestResult executionId="c87baa63-65b2-4491-a109-bfe693a8fdfa" testId="47815620-c4b2-21a7-28ca-56e8ee15ec9e" testName="GestionDeMisiones.Tests.UnitTests.Controllers.HechiceroControllerTests.HechiceroController_NewHechicero_DatosInvalidos_RetornaBadRequest" computerName="SEBASTIAN" duration="00:00:00.0023147" startTime="2025-12-15T17:42:34.4216723-05:00" endTime="2025-12-15T17:42:34.4216728-05:00" testType="13cdc9d9-ddb5-4fa4-a97d-d965ccfc6d4b" outcome="Passed" testListId="8c84fa94-04c1-424b-9868-57a2d4851a1d" relativeResultsDirectory="c87baa63-65b2-4491-a109-bfe693a8fdfa" />
    <UnitTestResult executionId="0480f28b-ce30-4490-8565-30937df3b540" testId="6a91453a-00d1-2ec7-720c-ecdd8c31c365" testName="GestionDeMisiones.Tests.UnitTests.Repositories.SubordinacionRepositoryTests.SubordinacionRepository_ExisteRelacionActivaAsync_RetornaCorrecto" computerName="SEBASTIAN" duration="00:00:01.2983248" startTime="2025-12-15T17:42:35.4498192-05:00" endTime="2025-12-15T17:42:35.4498197-05:00" testType="13cdc9d9-ddb5-4fa4-a97d-d965ccfc6d4b" outcome="Passed" testListId="8c84fa94-04c1-424b-9868-57a2d4851a1d" relativeResultsDirectory="0480f28b-ce30-4490-8565-30937df3b540" />
    <UnitTestResult executionId="5db12ef5-99c2-428d-b30e-b942c5bf307d" testId="1813c822-4225-4018-d2c7-2093370f16df" testName="GestionDeMisiones.Tests.UnitTests.Services.EstadisticaHechiceroServiceTests.EstadisticaHechiceroService_GetEfectividadMediosVsAltos_SinDatos_RetornaListaVacia" computerName="SEBASTIAN" duration="00:00:00.2345577" startTime="2025-12-15T17:42:34.3858537-05:00" endTime="2025-12-15T17:42:34.3858537-05:00" testType="13cdc9d9-ddb5-4fa4-a97d-d965ccfc6d4b" outcome="Passed" testListId="8c84fa94-04c1-424b-9868-57a2d4851a1d" relativeResultsDirectory="5db12ef5-99c2-428d-b30e-b942c5bf307d" />
    <UnitTestResult executionId="7da57259-9c15-4dca-96cb-b9994996d9ab" testId="9bb426b9-0a71-dbe1-5f9b-5637efce700e" testName="GestionDeMisiones.Tests.UnitTests.Services.SolicitudServicePhase1Tests.UpdateAsync_PendienteAAtendiendo_SinHechiceroId_RetornaError" computerName="SEBASTIAN" duration="00:00:00.0040295" startTime="2025-12-15T17:42:34.4322300-05:00" endTime="2025-12-15T17:42:34.4322306-05:00" testType="13cdc9d9-ddb5-4fa4-a97d-d965ccfc6d4b" outcome="Passed" testListId="8c84fa94-04c1-424b-9868-57a2d4851a1d" relativeResultsDirectory="7da57259-9c15-4dca-96cb-b9994996d9ab" />
    <UnitTestResult executionId="ed45b4c6-4527-4a68-a3fd-cb69d7618ce1" testId="0e181609-b997-8589-79c3-8574d2722d76" testName="GestionDeMisiones.Tests.UnitTests.Models.HechiceroTests.Hechicero_TodosLosEstadosValidos_CreaCorrectamente(estado: lesionado)" computerName="SEBASTIAN" duration="00:00:00.0004466" startTime="2025-12-15T17:42:34.2716235-05:00" endTime="2025-12-15T17:42:34.2716236-05:00" testType="13cdc9d9-ddb5-4fa4-a97d-d965ccfc6d4b" outcome="Passed" testListId="8c84fa94-04c1-424b-9868-57a2d4851a1d" relativeResultsDirectory="ed45b4c6-4527-4a68-a3fd-cb69d7618ce1" />
    <UnitTestResult executionId="c19b2596-50e3-491e-9caa-5c3249ec541f" testId="5bd732fe-40a6-3f19-85eb-1b0ade32afcd" testName="GestionDeMisiones.Tests.UnitTests.Services.SubordinacionServiceTests.SubordinacionService_CrearAsync_ValidacionesCorrectas" computerName="SEBASTIAN" duration="00:00:00.2645869" startTime="2025-12-15T17:42:34.4158624-05:00" endTime="2025-12-15T17:42:34.4158628-05:00" testType="13cdc9d9-ddb5-4fa4-a97d-d965ccfc6d4b" outcome="Passed" testListId="8c84fa94-04c1-424b-9868-57a2d4851a1d" relativeResultsDirectory="c19b2596-50e3-491e-9caa-5c3249ec541f" />
    <UnitTestResult executionId="e96369f9-fc14-44ba-a7e5-eee32d83ae3e" testId="bccccb9c-7e93-41df-feab-45010faaddea" testName="GestionDeMisiones.Tests.UnitTests.Services.SubordinacionServiceTests.SubordinacionService_CrearAsync_RelacionYaExiste_LanzaExcepcion" computerName="SEBASTIAN" duration="00:00:00.0027748" startTime="2025-12-15T17:42:34.4268037-05:00" endTime="2025-12-15T17:42:34.4268057-05:00" testType="13cdc9d9-ddb5-4fa4-a97d-d965ccfc6d4b" outcome="Passed" testListId="8c84fa94-04c1-424b-9868-57a2d4851a1d" relativeResultsDirectory="e96369f9-fc14-44ba-a7e5-eee32d83ae3e" />
    <UnitTestResult executionId="75931708-d72a-4ece-b843-d9dc34c1d04d" testId="a9020cc8-21ad-ca06-b4ec-868a8c652bfa" testName="GestionDeMisiones.Tests.UnitTests.Services.SolicitudServicePhase1Tests.UpdateAsync_AtendienteAPendiente_EliminaYHechiceroEncargado" computerName="SEBASTIAN" duration="00:00:00.0060673" startTime="2025-12-15T17:42:34.5713783-05:00" endTime="2025-12-15T17:42:34.5713788-05:00" testType="13cdc9d9-ddb5-4fa4-a97d-d965ccfc6d4b" outcome="Passed" testListId="8c84fa94-04c1-424b-9868-57a2d4851a1d" relativeResultsDirectory="75931708-d72a-4ece-b843-d9dc34c1d04d" />
    <UnitTestResult executionId="fead099a-015b-4d66-ace4-3bc800f5aab0" testId="0980b918-45c1-f786-acc8-e9bff92899a3" testName="GestionDeMisiones.Tests.UnitTests.Models.HechiceroTests.Hechicero_TodosLosGradosValidos_CreaCorrectamente(grado: estudiante)" computerName="SEBASTIAN" duration="00:00:00.0000128" startTime="2025-12-15T17:42:34.2667366-05:00" endTime="2025-12-15T17:42:34.2667367-05:00" testType="13cdc9d9-ddb5-4fa4-a97d-d965ccfc6d4b" outcome="Passed" testListId="8c84fa94-04c1-424b-9868-57a2d4851a1d" relativeResultsDirectory="fead099a-015b-4d66-ace4-3bc800f5aab0" />
    <UnitTestResult executionId="dfe1f20d-78ac-4ada-b78c-f867307d91c2" testId="b40c540a-4b47-40f1-907a-db2a922531a8" testName="GestionDeMisiones.Tests.UnitTests.Controllers.HechiceroControllerTests.HechiceroController_GetAllHechicero_RetornaLista" computerName="SEBASTIAN" duration="00:00:00.2398208" startTime="2025-12-15T17:42:34.3914296-05:00" endTime="2025-12-15T17:42:34.3914302-05:00" testType="13cdc9d9-ddb5-4fa4-a97d-d965ccfc6d4b" outcome="Passed" testListId="8c84fa94-04c1-424b-9868-57a2d4851a1d" relativeResultsDirectory="dfe1f20d-78ac-4ada-b78c-f867307d91c2" />
    <UnitTestResult executionId="75a8d7a8-10ba-43ee-a5b1-f102297fb638" testId="c425e8c3-9561-8ac7-e8ac-b991b5d13cd9" testName="GestionDeMisiones.Tests.UnitTests.Repositories.HechiceroRepositoryTests.HechiceroRepository_GetAllAsync_RetornaTodosHechicerosConRelaciones" computerName="SEBASTIAN" duration="00:00:01.3133529" startTime="2025-12-15T17:42:35.4649591-05:00" endTime="2025-12-15T17:42:35.4649599-05:00" testType="13cdc9d9-ddb5-4fa4-a97d-d965ccfc6d4b" outcome="Passed" testListId="8c84fa94-04c1-424b-9868-57a2d4851a1d" relativeResultsDirectory="75a8d7a8-10ba-43ee-a5b1-f102297fb638" />
    <UnitTestResult executionId="c5fc1e9b-1a01-4359-ad68-23afd56b78f1" testId="0f2da0b3-ffe5-c9ac-0aaf-7776c7225219" testName="GestionDeMisiones.Tests.UnitTests.Services.MisionServicePhase2Tests.UpdateAsync_PendienteAEnProgreso_CreaHechiceroEnMisionYActualizaSolicitud" computerName="SEBASTIAN" duration="00:00:00.4047158" startTime="2025-12-15T17:42:34.5560475-05:00" endTime="2025-12-15T17:42:34.5560477-05:00" testType="13cdc9d9-ddb5-4fa4-a97d-d965ccfc6d4b" outcome="Passed" testListId="8c84fa94-04c1-424b-9868-57a2d4851a1d" relativeResultsDirectory="c5fc1e9b-1a01-4359-ad68-23afd56b78f1" />
    <UnitTestResult executionId="cd0393c3-5c8b-4dbe-a5c0-f1c50e265fe1" testId="8b17dc26-8537-a08c-4506-48bfe74f2290" testName="GestionDeMisiones.Tests.UnitTests.Models.HechiceroTests.Hechicero_ValidarGradoYEstado_PropiedadesCorrectas" computerName="SEBASTIAN" duration="00:00:00.0158758" startTime="2025-12-15T17:42:34.2739397-05:00" endTime="2025-12-15T17:42:34.2739398-05:00" testType="13cdc9d9-ddb5-4fa4-a97d-d965ccfc6d4b" outcome="Passed" testListId="8c84fa94-04c1-424b-9868-57a2d4851a1d" relativeResultsDirectory="cd0393c3-5c8b-4dbe-a5c0-f1c50e265fe1" />
    <UnitTestResult executionId="22bca8b9-d6e7-4f6d-b5ac-3a395186ef5d" testId="2614f46e-7596-1947-732a-c91953790c99" testName="GestionDeMisiones.Tests.UnitTests.Services.SolicitudServicePhase1Tests.UpdateAsync_PendienteAAtendiendo_SinNivelUrgencia_RetornaError" computerName="SEBASTIAN" duration="00:00:00.0044482" startTime="2025-12-15T17:42:34.4279711-05:00" endTime="2025-12-15T17:42:34.4279716-05:00" testType="13cdc9d9-ddb5-4fa4-a97d-d965ccfc6d4b" outcome="Passed" testListId="8c84fa94-04c1-424b-9868-57a2d4851a1d" relativeResultsDirectory="22bca8b9-d6e7-4f6d-b5ac-3a395186ef5d" />
    <UnitTestResult executionId="6ee0f801-6832-4f4f-8193-efe4d3887449" testId="086e436c-1034-fbd7-91ae-d01b74fd948a" testName="GestionDeMisiones.Tests.UnitTests.Models.HechiceroTests.Hechicero_TodosLosGradosValidos_CreaCorrectamente(grado: medio)" computerName="SEBASTIAN" duration="00:00:00.0000335" startTime="2025-12-15T17:42:34.2664493-05:00" endTime="2025-12-15T17:42:34.2664495-05:00" testType="13cdc9d9-ddb5-4fa4-a97d-d965ccfc6d4b" outcome="Passed" testListId="8c84fa94-04c1-424b-9868-57a2d4851a1d" relativeResultsDirectory="6ee0f801-6832-4f4f-8193-efe4d3887449" />
    <UnitTestResult executionId="921acf79-c03b-4e49-b896-d324904461c9" testId="d24d099a-e9e8-49df-e053-ba525fbe433e" testName="GestionDeMisiones.Tests.UnitTests.Models.MisionTests.Mision_TodosLosEstados_Validos(estado: CompletadaConExito)" computerName="SEBASTIAN" duration="00:00:00.0007750" startTime="2025-12-15T17:42:34.2216633-05:00" endTime="2025-12-15T17:42:34.2216633-05:00" testType="13cdc9d9-ddb5-4fa4-a97d-d965ccfc6d4b" outcome="Passed" testListId="8c84fa94-04c1-424b-9868-57a2d4851a1d" relativeResultsDirectory="921acf79-c03b-4e49-b896-d324904461c9" />
    <UnitTestResult executionId="f3751a8c-07fd-4a84-b155-23d538f9d678" testId="74a8d2b0-159b-ad41-4381-1a13aeedaa20" testName="GestionDeMisiones.Tests.UnitTests.Models.HechiceroTests.Hechicero_TodosLosGradosValidos_CreaCorrectamente(grado: aprendiz)" computerName="SEBASTIAN" duration="00:00:00.0000030" startTime="2025-12-15T17:42:34.2668759-05:00" endTime="2025-12-15T17:42:34.2668764-05:00" testType="13cdc9d9-ddb5-4fa4-a97d-d965ccfc6d4b" outcome="Passed" testListId="8c84fa94-04c1-424b-9868-57a2d4851a1d" relativeResultsDirectory="f3751a8c-07fd-4a84-b155-23d538f9d678" />
    <UnitTestResult executionId="534d8bac-c9db-4b66-b21a-0d9661df5e2b" testId="d00c67b7-1a8f-886e-ab11-3f59f03bc8a3" testName="GestionDeMisiones.Tests.UnitTests.Services.SubordinacionServiceTests.SubordinacionService_CrearAsync_MismoHechicero_LanzaExcepcion" computerName="SEBASTIAN" duration="00:00:00.0027828" startTime="2025-12-15T17:42:34.4298174-05:00" endTime="2025-12-15T17:42:34.4298177-05:00" testType="13cdc9d9-ddb5-4fa4-a97d-d965ccfc6d4b" outcome="Passed" testListId="8c84fa94-04c1-424b-9868-57a2d4851a1d" relativeResultsDirectory="534d8bac-c9db-4b66-b21a-0d9661df5e2b" />
    <UnitTestResult executionId="05fe9051-79c4-4a01-8ee7-bf9fe91c55dd" testId="3eccc366-98d3-f20b-908b-550ce7042925" testName="GestionDeMisiones.Tests.UnitTests.Services.RankingHechiceroServiceTests.RankingHechiceroService_GetTopHechicerosPorNivelYUbicacion_RetornaRankingCorrecto" computerName="SEBASTIAN" duration="00:00:00.0139643" startTime="2025-12-15T17:42:34.3999360-05:00" endTime="2025-12-15T17:42:34.3999370-05:00" testType="13cdc9d9-ddb5-4fa4-a97d-d965ccfc6d4b" outcome="Passed" testListId="8c84fa94-04c1-424b-9868-57a2d4851a1d" relativeResultsDirectory="05fe9051-79c4-4a01-8ee7-bf9fe91c55dd" />
    <UnitTestResult executionId="f6360e8f-da45-45a7-b734-e3436c4b68b9" testId="33d18c13-3aa0-f6d4-a8c7-956013512fef" testName="GestionDeMisiones.Tests.UnitTests.Models.MisionTests.Mision_FinalizarConFechaValida_ActualizaEstadoYFechaFin" computerName="SEBASTIAN" duration="00:00:00.0079206" startTime="2025-12-15T17:42:34.2723438-05:00" endTime="2025-12-15T17:42:34.2723440-05:00" testType="13cdc9d9-ddb5-4fa4-a97d-d965ccfc6d4b" outcome="Passed" testListId="8c84fa94-04c1-424b-9868-57a2d4851a1d" relativeResultsDirectory="f6360e8f-da45-45a7-b734-e3436c4b68b9" />
    <UnitTestResult executionId="e2a629b0-aca5-405c-ba3d-cedf0daea907" testId="0837c6ff-dbd4-a5e9-e181-2eba4516fc07" testName="GestionDeMisiones.Tests.UnitTests.Services.RankingHechiceroServiceTests.RankingHechiceroService_GetTopHechicerosPorNivelYUbicacion_SinResultados_RetornaListaVacia" computerName="SEBASTIAN" duration="00:00:00.2345990" startTime="2025-12-15T17:42:34.3858225-05:00" endTime="2025-12-15T17:42:34.3858230-05:00" testType="13cdc9d9-ddb5-4fa4-a97d-d965ccfc6d4b" outcome="Passed" testListId="8c84fa94-04c1-424b-9868-57a2d4851a1d" relativeResultsDirectory="e2a629b0-aca5-405c-ba3d-cedf0daea907" />
    <UnitTestResult executionId="8e2a4fbe-4caa-4d15-b5f9-56f5d12c208e" testId="c4cd6b22-e58a-ee7d-8d45-bc92525e21fd" testName="GestionDeMisiones.Tests.UnitTests.Services.SolicitudServicePhase1Tests.UpdateAsync_PendienteAAtendiendo_HechiceroNoExiste_RetornaError" computerName="SEBASTIAN" duration="00:00:00.2717247" startTime="2025-12-15T17:42:34.4233145-05:00" endTime="2025-12-15T17:42:34.4233152-05:00" testType="13cdc9d9-ddb5-4fa4-a97d-d965ccfc6d4b" outcome="Passed" testListId="8c84fa94-04c1-424b-9868-57a2d4851a1d" relativeResultsDirectory="8e2a4fbe-4caa-4d15-b5f9-56f5d12c208e" />
    <UnitTestResult executionId="534c49f1-76f7-4290-b44a-06cbe67e5922" testId="74db5b46-3a4b-a9c2-a5b0-304ede57fc20" testName="GestionDeMisiones.Tests.UnitTests.Services.MisionServicePhase2Tests.UpdateAsync_EnProgresoACancelada_ActualizaSolicitud" computerName="SEBASTIAN" duration="00:00:00.0042503" startTime="2025-12-15T17:42:34.5702372-05:00" endTime="2025-12-15T17:42:34.5702376-05:00" testType="13cdc9d9-ddb5-4fa4-a97d-d965ccfc6d4b" outcome="Passed" testListId="8c84fa94-04c1-424b-9868-57a2d4851a1d" relativeResultsDirectory="534c49f1-76f7-4290-b44a-06cbe67e5922" />
    <UnitTestResult executionId="38b4ecbf-cd71-4d23-a0f2-82120e5d32cf" testId="d276c8bb-09ab-6025-18a3-0220f1a2f5e0" testName="GestionDeMisiones.Tests.UnitTests.Models.MisionTests.Mision_TodosLosEstados_Validos(estado: Cancelada)" computerName="SEBASTIAN" duration="00:00:00.0000215" startTime="2025-12-15T17:42:34.2217936-05:00" endTime="2025-12-15T17:42:34.2217937-05:00" testType="13cdc9d9-ddb5-4fa4-a97d-d965ccfc6d4b" outcome="Passed" testListId="8c84fa94-04c1-424b-9868-57a2d4851a1d" relativeResultsDirectory="38b4ecbf-cd71-4d23-a0f2-82120e5d32cf" />
    <UnitTestResult executionId="abde58c1-7780-4899-8e40-a0b59d99519c" testId="173bdbd1-23d2-9a43-916e-cc780795a31d" testName="GestionDeMisiones.Tests.UnitTests.Models.MisionTests.Mision_TodosLosNivelesUrgencia_Validos(nivelUrgencia: Planificada)" computerName="SEBASTIAN" duration="00:00:00.0118067" startTime="2025-12-15T17:42:34.2669859-05:00" endTime="2025-12-15T17:42:34.2669860-05:00" testType="13cdc9d9-ddb5-4fa4-a97d-d965ccfc6d4b" outcome="Passed" testListId="8c84fa94-04c1-424b-9868-57a2d4851a1d" relativeResultsDirectory="abde58c1-7780-4899-8e40-a0b59d99519c" />
    <UnitTestResult executionId="d6a278fd-3e35-47de-add2-1047fb1480af" testId="80ec020e-3397-e890-e983-b544df27349e" testName="GestionDeMisiones.Tests.UnitTests.Models.MisionTests.Mision_CambiarEstado_TransicionesValidas" computerName="SEBASTIAN" duration="00:00:00.0008364" startTime="2025-12-15T17:42:34.2738808-05:00" endTime="2025-12-15T17:42:34.2738809-05:00" testType="13cdc9d9-ddb5-4fa4-a97d-d965ccfc6d4b" outcome="Passed" testListId="8c84fa94-04c1-424b-9868-57a2d4851a1d" relativeResultsDirectory="d6a278fd-3e35-47de-add2-1047fb1480af" />
    <UnitTestResult executionId="fcde0614-eb8a-485e-8852-141eb45624c8" testId="798260e8-489d-7bf8-88a0-bca88b1ad416" testName="GestionDeMisiones.Tests.UnitTests.Services.SolicitudServicePhase1Tests.DeleteAsync_SolicitudEnAtendiendose_RechazaEliminar" computerName="SEBASTIAN" duration="00:00:00.0025375" startTime="2025-12-15T17:42:34.5567930-05:00" endTime="2025-12-15T17:42:34.5567934-05:00" testType="13cdc9d9-ddb5-4fa4-a97d-d965ccfc6d4b" outcome="Passed" testListId="8c84fa94-04c1-424b-9868-57a2d4851a1d" relativeResultsDirectory="fcde0614-eb8a-485e-8852-141eb45624c8" />
    <UnitTestResult executionId="b1431878-5b1f-48be-ac8d-5361d2c98bea" testId="e4cb8bd1-4e22-de31-27d4-d253097bee69" testName="GestionDeMisiones.Tests.UnitTests.Models.MisionTests.Mision_TodosLosNivelesUrgencia_Validos(nivelUrgencia: Urgente)" computerName="SEBASTIAN" duration="00:00:00.0000294" startTime="2025-12-15T17:42:34.2671312-05:00" endTime="2025-12-15T17:42:34.2671313-05:00" testType="13cdc9d9-ddb5-4fa4-a97d-d965ccfc6d4b" outcome="Passed" testListId="8c84fa94-04c1-424b-9868-57a2d4851a1d" relativeResultsDirectory="b1431878-5b1f-48be-ac8d-5361d2c98bea" />
    <UnitTestResult executionId="befa5fdc-7503-41dd-ab80-5fa088a3e91e" testId="84ad041f-63d3-1036-3cc2-708d07ff0907" testName="GestionDeMisiones.Tests.UnitTests.Models.HechiceroTests.Hechicero_CrearSinTecnicaPrincipal_PropiedadesCorrectas" computerName="SEBASTIAN" duration="00:00:00.0195932" startTime="2025-12-15T17:42:34.2672872-05:00" endTime="2025-12-15T17:42:34.2672873-05:00" testType="13cdc9d9-ddb5-4fa4-a97d-d965ccfc6d4b" outcome="Passed" testListId="8c84fa94-04c1-424b-9868-57a2d4851a1d" relativeResultsDirectory="befa5fdc-7503-41dd-ab80-5fa088a3e91e" />
    <UnitTestResult executionId="65ae25ed-e6f3-4425-8d2f-972defbcc957" testId="9b53400c-0f47-931f-c8e7-ba06ed90a64c" testName="GestionDeMisiones.Tests.UnitTests.Controllers.HechiceroControllerTests.HechiceroController_GetHechiceroById_HechiceroNoExiste_RetornaNotFound" computerName="SEBASTIAN" duration="00:00:00.0022579" startTime="2025-12-15T17:42:34.4241663-05:00" endTime="2025-12-15T17:42:34.4241665-05:00" testType="13cdc9d9-ddb5-4fa4-a97d-d965ccfc6d4b" outcome="Passed" testListId="8c84fa94-04c1-424b-9868-57a2d4851a1d" relativeResultsDirectory="65ae25ed-e6f3-4425-8d2f-972defbcc957" />
    <UnitTestResult executionId="d37b917b-cf21-472a-ae6b-f559cf809777" testId="ce6e2e02-5087-430d-dd91-eaaaa65f0502" testName="GestionDeMisiones.Tests.UnitTests.Controllers.HechiceroControllerTests.HechiceroController_NewHechicero_ServiceLanzaExcepcion_RetornaBadRequest" computerName="SEBASTIAN" duration="00:00:00.0211357" startTime="2025-12-15T17:42:34.4128677-05:00" endTime="2025-12-15T17:42:34.4128686-05:00" testType="13cdc9d9-ddb5-4fa4-a97d-d965ccfc6d4b" outcome="Passed" testListId="8c84fa94-04c1-424b-9868-57a2d4851a1d" relativeResultsDirectory="d37b917b-cf21-472a-ae6b-f559cf809777" />
    <UnitTestResult executionId="fda520bc-1dc5-4ae0-be61-a244f30c07bf" testId="2d958dd2-2ab1-7d27-084b-1f501e001694" testName="GestionDeMisiones.Tests.UnitTests.Models.MisionTests.Mision_FinalizarSinFechaFin_NoPermitidoParaCompletada" computerName="SEBASTIAN" duration="00:00:00.0006127" startTime="2025-12-15T17:42:34.2725947-05:00" endTime="2025-12-15T17:42:34.2725948-05:00" testType="13cdc9d9-ddb5-4fa4-a97d-d965ccfc6d4b" outcome="Passed" testListId="8c84fa94-04c1-424b-9868-57a2d4851a1d" relativeResultsDirectory="fda520bc-1dc5-4ae0-be61-a244f30c07bf" />
    <UnitTestResult executionId="8cd0f019-55e4-4e29-9c45-2fcddc299465" testId="7bef10ec-cfe5-9dfa-0c30-b540f72daf00" testName="GestionDeMisiones.Tests.UnitTests.Repositories.HechiceroRepositoryTests.HechiceroRepository_ObtenerPorId_HechiceroNoExiste_RetornaNull" computerName="SEBASTIAN" duration="00:00:00.0011989" startTime="2025-12-15T17:42:35.5198000-05:00" endTime="2025-12-15T17:42:35.5198002-05:00" testType="13cdc9d9-ddb5-4fa4-a97d-d965ccfc6d4b" outcome="Passed" testListId="8c84fa94-04c1-424b-9868-57a2d4851a1d" relativeResultsDirectory="8cd0f019-55e4-4e29-9c45-2fcddc299465" />
    <UnitTestResult executionId="8c6d7f55-465f-4eea-af4e-23e5c31cb12f" testId="99339290-8964-02f5-1d71-0ce629c9af55" testName="GestionDeMisiones.Tests.UnitTests.Repositories.HechiceroRepositoryTests.HechiceroRepository_ObtenerPorId_MultiplesRelaciones_RetornaTodas" computerName="SEBASTIAN" duration="00:00:00.0533840" startTime="2025-12-15T17:42:35.5185264-05:00" endTime="2025-12-15T17:42:35.5185273-05:00" testType="13cdc9d9-ddb5-4fa4-a97d-d965ccfc6d4b" outcome="Passed" testListId="8c84fa94-04c1-424b-9868-57a2d4851a1d" relativeResultsDirectory="8c6d7f55-465f-4eea-af4e-23e5c31cb12f" />
    <UnitTestResult executionId="cac86251-b7ab-49d1-ba9d-66e7f13d616f" testId="45463d45-bbbe-a023-82fc-0196beff1ee3" testName="GestionDeMisiones.Tests.UnitTests.Models.HechiceroTests.Hechicero_TodosLosEstadosValidos_CreaCorrectamente(estado: baja)" computerName="SEBASTIAN" duration="00:00:00.0000298" startTime="2025-12-15T17:42:34.2716910-05:00" endTime="2025-12-15T17:42:34.2716911-05:00" testType="13cdc9d9-ddb5-4fa4-a97d-d965ccfc6d4b" outcome="Passed" testListId="8c84fa94-04c1-424b-9868-57a2d4851a1d" relativeResultsDirectory="cac86251-b7ab-49d1-ba9d-66e7f13d616f" />
    <UnitTestResult executionId="46a24804-f560-426d-8162-086a458c80a4" testId="cb0966d5-5797-434a-48b8-9f7580abf16d" testName="GestionDeMisiones.Tests.UnitTests.Models.HechiceroTests.Hechicero_TodosLosGradosValidos_CreaCorrectamente(grado: alto)" computerName="SEBASTIAN" duration="00:00:00.0267040" startTime="2025-12-15T17:42:34.2042886-05:00" endTime="2025-12-15T17:42:34.2043378-05:00" testType="13cdc9d9-ddb5-4fa4-a97d-d965ccfc6d4b" outcome="Passed" testListId="8c84fa94-04c1-424b-9868-57a2d4851a1d" relativeResultsDirectory="46a24804-f560-426d-8162-086a458c80a4" />
    <UnitTestResult executionId="3bda6f93-837c-4407-b290-c6f07b22499b" testId="240c4b9c-4e06-57ae-1cf6-6472ebdf2a8c" testName="GestionDeMisiones.Tests.UnitTests.Services.EstadisticaHechiceroServiceTests.EstadisticaHechiceroService_GetEfectividadMediosVsAltos_RetornaComparativa" computerName="SEBASTIAN" duration="00:00:00.0139575" startTime="2025-12-15T17:42:34.3999872-05:00" endTime="2025-12-15T17:42:34.3999873-05:00" testType="13cdc9d9-ddb5-4fa4-a97d-d965ccfc6d4b" outcome="Passed" testListId="8c84fa94-04c1-424b-9868-57a2d4851a1d" relativeResultsDirectory="3bda6f93-837c-4407-b290-c6f07b22499b" />
    <UnitTestResult executionId="215ec313-552e-4875-bf44-11af64f3159f" testId="8e9d30e8-fa5f-7d83-c8b6-c209f6924dba" testName="GestionDeMisiones.Tests.UnitTests.Services.MisionServicePhase2Tests.UpdateAsync_EnProgresoACompletadaExito_Ok" computerName="SEBASTIAN" duration="00:00:00.0021752" startTime="2025-12-15T17:42:34.5725090-05:00" endTime="2025-12-15T17:42:34.5725093-05:00" testType="13cdc9d9-ddb5-4fa4-a97d-d965ccfc6d4b" outcome="Passed" testListId="8c84fa94-04c1-424b-9868-57a2d4851a1d" relativeResultsDirectory="215ec313-552e-4875-bf44-11af64f3159f" />
  </Results>
  <TestDefinitions>
    <UnitTest name="GestionDeMisiones.Tests.UnitTests.Models.HechiceroTests.Hechicero_TodosLosEstadosValidos_CreaCorrectamente(estado: activo)" storage="d:\uh\año 3\is\proyecto\jujutsu-kaisen-mission-management-system\backend\bin\debug\net9.0\gestiondemisiones.dll" id="dc4a5513-7520-0fc9-7720-55622c55c95a">
      <Execution id="f74ff0c2-5f25-4836-8b2a-80c72fb0670b" />
      <TestMethod codeBase="D:\UH\Año 3\IS\Proyecto\Jujutsu-Kaisen-Mission-Management-System\backend\bin\Debug\net9.0\GestionDeMisiones.dll" adapterTypeName="executor://xunit/VsTestRunner2/netcoreapp" className="GestionDeMisiones.Tests.UnitTests.Models.HechiceroTests" name="Hechicero_TodosLosEstadosValidos_CreaCorrectamente" />
    </UnitTest>
    <UnitTest name="GestionDeMisiones.Tests.UnitTests.Services.EstadisticaHechiceroServiceTests.EstadisticaHechiceroService_GetEfectividadMediosVsAltos_RetornaComparativa" storage="d:\uh\año 3\is\proyecto\jujutsu-kaisen-mission-management-system\backend\bin\debug\net9.0\gestiondemisiones.dll" id="240c4b9c-4e06-57ae-1cf6-6472ebdf2a8c">
      <Execution id="3bda6f93-837c-4407-b290-c6f07b22499b" />
      <TestMethod codeBase="D:\UH\Año 3\IS\Proyecto\Jujutsu-Kaisen-Mission-Management-System\backend\bin\Debug\net9.0\GestionDeMisiones.dll" adapterTypeName="executor://xunit/VsTestRunner2/netcoreapp" className="GestionDeMisiones.Tests.UnitTests.Services.EstadisticaHechiceroServiceTests" name="EstadisticaHechiceroService_GetEfectividadMediosVsAltos_RetornaComparativa" />
    </UnitTest>
    <UnitTest name="GestionDeMisiones.Tests.UnitTests.Models.MisionTests.Mision_FinalizarConFechaValida_ActualizaEstadoYFechaFin" storage="d:\uh\año 3\is\proyecto\jujutsu-kaisen-mission-management-system\backend\bin\debug\net9.0\gestiondemisiones.dll" id="33d18c13-3aa0-f6d4-a8c7-956013512fef">
      <Execution id="f6360e8f-da45-45a7-b734-e3436c4b68b9" />
      <TestMethod codeBase="D:\UH\Año 3\IS\Proyecto\Jujutsu-Kaisen-Mission-Management-System\backend\bin\Debug\net9.0\GestionDeMisiones.dll" adapterTypeName="executor://xunit/VsTestRunner2/netcoreapp" className="GestionDeMisiones.Tests.UnitTests.Models.MisionTests" name="Mision_FinalizarConFechaValida_ActualizaEstadoYFechaFin" />
    </UnitTest>
    <UnitTest name="GestionDeMisiones.Tests.UnitTests.Services.SubordinacionServiceTests.SubordinacionService_CrearAsync_HechiceroNoExiste_LanzaExcepcion" storage="d:\uh\año 3\is\proyecto\jujutsu-kaisen-mission-management-system\backend\bin\debug\net9.0\gestiondemisiones.dll" id="06ec7ff9-485d-ec75-f564-55154180babc">
      <Execution id="0030d749-ae9d-4345-ae4a-08eb53dbe29e" />
      <TestMethod codeBase="D:\UH\Año 3\IS\Proyecto\Jujutsu-Kaisen-Mission-Management-System\backend\bin\Debug\net9.0\GestionDeMisiones.dll" adapterTypeName="executor://xunit/VsTestRunner2/netcoreapp" className="GestionDeMisiones.Tests.UnitTests.Services.SubordinacionServiceTests" name="SubordinacionService_CrearAsync_HechiceroNoExiste_LanzaExcepcion" />
    </UnitTest>
    <UnitTest name="GestionDeMisiones.Tests.UnitTests.Services.SubordinacionServiceTests.SubordinacionService_CrearAsync_RelacionYaExiste_LanzaExcepcion" storage="d:\uh\año 3\is\proyecto\jujutsu-kaisen-mission-management-system\backend\bin\debug\net9.0\gestiondemisiones.dll" id="bccccb9c-7e93-41df-feab-45010faaddea">
      <Execution id="e96369f9-fc14-44ba-a7e5-eee32d83ae3e" />
      <TestMethod codeBase="D:\UH\Año 3\IS\Proyecto\Jujutsu-Kaisen-Mission-Management-System\backend\bin\Debug\net9.0\GestionDeMisiones.dll" adapterTypeName="executor://xunit/VsTestRunner2/netcoreapp" className="GestionDeMisiones.Tests.UnitTests.Services.SubordinacionServiceTests" name="SubordinacionService_CrearAsync_RelacionYaExiste_LanzaExcepcion" />
    </UnitTest>
    <UnitTest name="GestionDeMisiones.Tests.UnitTests.Controllers.HechiceroControllerTests.HechiceroController_NewHechicero_DatosValidos_CreaYRetornaCreated" storage="d:\uh\año 3\is\proyecto\jujutsu-kaisen-mission-management-system\backend\bin\debug\net9.0\gestiondemisiones.dll" id="01389281-fd4f-66c4-78ee-69bebbd55c30">
      <Execution id="0102aca9-1817-4dc3-90c9-7af1896c3a3c" />
      <TestMethod codeBase="D:\UH\Año 3\IS\Proyecto\Jujutsu-Kaisen-Mission-Management-System\backend\bin\Debug\net9.0\GestionDeMisiones.dll" adapterTypeName="executor://xunit/VsTestRunner2/netcoreapp" className="GestionDeMisiones.Tests.UnitTests.Controllers.HechiceroControllerTests" name="HechiceroController_NewHechicero_DatosValidos_CreaYRetornaCreated" />
    </UnitTest>
    <UnitTest name="GestionDeMisiones.Tests.UnitTests.Services.MisionServicePhase2Tests.UpdateAsync_PendienteAEnProgreso_FaltaDatos_Error" storage="d:\uh\año 3\is\proyecto\jujutsu-kaisen-mission-management-system\backend\bin\debug\net9.0\gestiondemisiones.dll" id="6686a9b6-c1ef-3130-708e-907dde788a85">
      <Execution id="2cc4847f-7c36-4f1a-9d3b-0d705dd4719e" />
      <TestMethod codeBase="D:\UH\Año 3\IS\Proyecto\Jujutsu-Kaisen-Mission-Management-System\backend\bin\Debug\net9.0\GestionDeMisiones.dll" adapterTypeName="executor://xunit/VsTestRunner2/netcoreapp" className="GestionDeMisiones.Tests.UnitTests.Services.MisionServicePhase2Tests" name="UpdateAsync_PendienteAEnProgreso_FaltaDatos_Error" />
    </UnitTest>
    <UnitTest name="GestionDeMisiones.Tests.UnitTests.Controllers.HechiceroControllerTests.HechiceroController_GetHechiceroById_HechiceroNoExiste_RetornaNotFound" storage="d:\uh\año 3\is\proyecto\jujutsu-kaisen-mission-management-system\backend\bin\debug\net9.0\gestiondemisiones.dll" id="9b53400c-0f47-931f-c8e7-ba06ed90a64c">
      <Execution id="65ae25ed-e6f3-4425-8d2f-972defbcc957" />
      <TestMethod codeBase="D:\UH\Año 3\IS\Proyecto\Jujutsu-Kaisen-Mission-Management-System\backend\bin\Debug\net9.0\GestionDeMisiones.dll" adapterTypeName="executor://xunit/VsTestRunner2/netcoreapp" className="GestionDeMisiones.Tests.UnitTests.Controllers.HechiceroControllerTests" name="HechiceroController_GetHechiceroById_HechiceroNoExiste_RetornaNotFound" />
    </UnitTest>
    <UnitTest name="GestionDeMisiones.Tests.UnitTests.Services.SolicitudServicePhase1Tests.UpdateAsync_PendienteAAtendiendo_HechiceroNoExiste_RetornaError" storage="d:\uh\año 3\is\proyecto\jujutsu-kaisen-mission-management-system\backend\bin\debug\net9.0\gestiondemisiones.dll" id="c4cd6b22-e58a-ee7d-8d45-bc92525e21fd">
      <Execution id="8e2a4fbe-4caa-4d15-b5f9-56f5d12c208e" />
      <TestMethod codeBase="D:\UH\Año 3\IS\Proyecto\Jujutsu-Kaisen-Mission-Management-System\backend\bin\Debug\net9.0\GestionDeMisiones.dll" adapterTypeName="executor://xunit/VsTestRunner2/netcoreapp" className="GestionDeMisiones.Tests.UnitTests.Services.SolicitudServicePhase1Tests" name="UpdateAsync_PendienteAAtendiendo_HechiceroNoExiste_RetornaError" />
    </UnitTest>
    <UnitTest name="GestionDeMisiones.Tests.UnitTests.Services.SolicitudServicePhase1Tests.DeleteAsync_SolicitudEnPendiente_PermiteEliminar" storage="d:\uh\año 3\is\proyecto\jujutsu-kaisen-mission-management-system\backend\bin\debug\net9.0\gestiondemisiones.dll" id="62d85730-417e-8c32-bf6b-9d5c1581f4e6">
      <Execution id="3b7d4424-69e7-4ed6-b2f2-370f0e8da432" />
      <TestMethod codeBase="D:\UH\Año 3\IS\Proyecto\Jujutsu-Kaisen-Mission-Management-System\backend\bin\Debug\net9.0\GestionDeMisiones.dll" adapterTypeName="executor://xunit/VsTestRunner2/netcoreapp" className="GestionDeMisiones.Tests.UnitTests.Services.SolicitudServicePhase1Tests" name="DeleteAsync_SolicitudEnPendiente_PermiteEliminar" />
    </UnitTest>
    <UnitTest name="GestionDeMisiones.Tests.UnitTests.Repositories.MisionesEnRangoRepositoryTests.MisionesEnRangoRepository_GetMisionesCompletadasPorRango_RetornaCorrectamente" storage="d:\uh\año 3\is\proyecto\jujutsu-kaisen-mission-management-system\backend\bin\debug\net9.0\gestiondemisiones.dll" id="249f3ab1-6a72-f8ad-3a50-48df5e7645a2">
      <Execution id="c09511bd-7c07-414b-a024-a388d0715e0d" />
      <TestMethod codeBase="D:\UH\Año 3\IS\Proyecto\Jujutsu-Kaisen-Mission-Management-System\backend\bin\Debug\net9.0\GestionDeMisiones.dll" adapterTypeName="executor://xunit/VsTestRunner2/netcoreapp" className="GestionDeMisiones.Tests.UnitTests.Repositories.MisionesEnRangoRepositoryTests" name="MisionesEnRangoRepository_GetMisionesCompletadasPorRango_RetornaCorrectamente" />
    </UnitTest>
    <UnitTest name="GestionDeMisiones.Tests.UnitTests.Models.HechiceroTests.Hechicero_TodosLosGradosValidos_CreaCorrectamente(grado: especial)" storage="d:\uh\año 3\is\proyecto\jujutsu-kaisen-mission-management-system\backend\bin\debug\net9.0\gestiondemisiones.dll" id="b931cff3-6346-ebca-76fe-d495438a0363">
      <Execution id="642c4e2e-532d-496c-a788-9b681e5cb789" />
      <TestMethod codeBase="D:\UH\Año 3\IS\Proyecto\Jujutsu-Kaisen-Mission-Management-System\backend\bin\Debug\net9.0\GestionDeMisiones.dll" adapterTypeName="executor://xunit/VsTestRunner2/netcoreapp" className="GestionDeMisiones.Tests.UnitTests.Models.HechiceroTests" name="Hechicero_TodosLosGradosValidos_CreaCorrectamente" />
    </UnitTest>
    <UnitTest name="GestionDeMisiones.Tests.UnitTests.Services.MisionServicePhase2Tests.UpdateAsync_EnProgresoACompletadaExito_Ok" storage="d:\uh\año 3\is\proyecto\jujutsu-kaisen-mission-management-system\backend\bin\debug\net9.0\gestiondemisiones.dll" id="8e9d30e8-fa5f-7d83-c8b6-c209f6924dba">
      <Execution id="215ec313-552e-4875-bf44-11af64f3159f" />
      <TestMethod codeBase="D:\UH\Año 3\IS\Proyecto\Jujutsu-Kaisen-Mission-Management-System\backend\bin\Debug\net9.0\GestionDeMisiones.dll" adapterTypeName="executor://xunit/VsTestRunner2/netcoreapp" className="GestionDeMisiones.Tests.UnitTests.Services.MisionServicePhase2Tests" name="UpdateAsync_EnProgresoACompletadaExito_Ok" />
    </UnitTest>
    <UnitTest name="GestionDeMisiones.Tests.UnitTests.Models.MisionTests.Mision_TodosLosEstados_Validos(estado: CompletadaConExito)" storage="d:\uh\año 3\is\proyecto\jujutsu-kaisen-mission-management-system\backend\bin\debug\net9.0\gestiondemisiones.dll" id="d24d099a-e9e8-49df-e053-ba525fbe433e">
      <Execution id="921acf79-c03b-4e49-b896-d324904461c9" />
      <TestMethod codeBase="D:\UH\Año 3\IS\Proyecto\Jujutsu-Kaisen-Mission-Management-System\backend\bin\Debug\net9.0\GestionDeMisiones.dll" adapterTypeName="executor://xunit/VsTestRunner2/netcoreapp" className="GestionDeMisiones.Tests.UnitTests.Models.MisionTests" name="Mision_TodosLosEstados_Validos" />
    </UnitTest>
    <UnitTest name="GestionDeMisiones.Tests.UnitTests.Services.SolicitudServicePhase1Tests.UpdateAsync_PendienteAAtendiendo_SinNivelUrgencia_RetornaError" storage="d:\uh\año 3\is\proyecto\jujutsu-kaisen-mission-management-system\backend\bin\debug\net9.0\gestiondemisiones.dll" id="2614f46e-7596-1947-732a-c91953790c99">
      <Execution id="22bca8b9-d6e7-4f6d-b5ac-3a395186ef5d" />
      <TestMethod codeBase="D:\UH\Año 3\IS\Proyecto\Jujutsu-Kaisen-Mission-Management-System\backend\bin\Debug\net9.0\GestionDeMisiones.dll" adapterTypeName="executor://xunit/VsTestRunner2/netcoreapp" className="GestionDeMisiones.Tests.UnitTests.Services.SolicitudServicePhase1Tests" name="UpdateAsync_PendienteAAtendiendo_SinNivelUrgencia_RetornaError" />
    </UnitTest>
    <UnitTest name="GestionDeMisiones.Tests.UnitTests.Models.MisionTests.Mision_CrearConFechasInvalidas_ConstructorProtege" storage="d:\uh\año 3\is\proyecto\jujutsu-kaisen-mission-management-system\backend\bin\debug\net9.0\gestiondemisiones.dll" id="45389bdb-f074-0b73-e890-302847beb7e1">
      <Execution id="cd3d694a-fe22-45a6-85ac-5b896c7be409" />
      <TestMethod codeBase="D:\UH\Año 3\IS\Proyecto\Jujutsu-Kaisen-Mission-Management-System\backend\bin\Debug\net9.0\GestionDeMisiones.dll" adapterTypeName="executor://xunit/VsTestRunner2/netcoreapp" className="GestionDeMisiones.Tests.UnitTests.Models.MisionTests" name="Mision_CrearConFechasInvalidas_ConstructorProtege" />
    </UnitTest>
    <UnitTest name="GestionDeMisiones.Tests.UnitTests.Models.HechiceroTests.Hechicero_ValidarGradoYEstado_PropiedadesCorrectas" storage="d:\uh\año 3\is\proyecto\jujutsu-kaisen-mission-management-system\backend\bin\debug\net9.0\gestiondemisiones.dll" id="8b17dc26-8537-a08c-4506-48bfe74f2290">
      <Execution id="cd0393c3-5c8b-4dbe-a5c0-f1c50e265fe1" />
      <TestMethod codeBase="D:\UH\Año 3\IS\Proyecto\Jujutsu-Kaisen-Mission-Management-System\backend\bin\Debug\net9.0\GestionDeMisiones.dll" adapterTypeName="executor://xunit/VsTestRunner2/netcoreapp" className="GestionDeMisiones.Tests.UnitTests.Models.HechiceroTests" name="Hechicero_ValidarGradoYEstado_PropiedadesCorrectas" />
    </UnitTest>
    <UnitTest name="GestionDeMisiones.Tests.UnitTests.Services.SolicitudServicePhase1Tests.UpdateAsync_TransicionNoPernmitida_RetornaError" storage="d:\uh\año 3\is\proyecto\jujutsu-kaisen-mission-management-system\backend\bin\debug\net9.0\gestiondemisiones.dll" id="0eb0deed-ef2f-3eb2-5d7e-e8e3422db461">
      <Execution id="da7540fe-65c5-4bb2-bd89-b7a34815dc9e" />
      <TestMethod codeBase="D:\UH\Año 3\IS\Proyecto\Jujutsu-Kaisen-Mission-Management-System\backend\bin\Debug\net9.0\GestionDeMisiones.dll" adapterTypeName="executor://xunit/VsTestRunner2/netcoreapp" className="GestionDeMisiones.Tests.UnitTests.Services.SolicitudServicePhase1Tests" name="UpdateAsync_TransicionNoPernmitida_RetornaError" />
    </UnitTest>
    <UnitTest name="GestionDeMisiones.Tests.UnitTests.Models.HechiceroTests.Hechicero_TodosLosEstadosValidos_CreaCorrectamente(estado: baja)" storage="d:\uh\año 3\is\proyecto\jujutsu-kaisen-mission-management-system\backend\bin\debug\net9.0\gestiondemisiones.dll" id="45463d45-bbbe-a023-82fc-0196beff1ee3">
      <Execution id="cac86251-b7ab-49d1-ba9d-66e7f13d616f" />
      <TestMethod codeBase="D:\UH\Año 3\IS\Proyecto\Jujutsu-Kaisen-Mission-Management-System\backend\bin\Debug\net9.0\GestionDeMisiones.dll" adapterTypeName="executor://xunit/VsTestRunner2/netcoreapp" className="GestionDeMisiones.Tests.UnitTests.Models.HechiceroTests" name="Hechicero_TodosLosEstadosValidos_CreaCorrectamente" />
    </UnitTest>
    <UnitTest name="GestionDeMisiones.Tests.UnitTests.Services.SolicitudServicePhase1Tests.UpdateAsync_PendienteAAtendiendo_SinHechiceroId_RetornaError" storage="d:\uh\año 3\is\proyecto\jujutsu-kaisen-mission-management-system\backend\bin\debug\net9.0\gestiondemisiones.dll" id="9bb426b9-0a71-dbe1-5f9b-5637efce700e">
      <Execution id="7da57259-9c15-4dca-96cb-b9994996d9ab" />
      <TestMethod codeBase="D:\UH\Año 3\IS\Proyecto\Jujutsu-Kaisen-Mission-Management-System\backend\bin\Debug\net9.0\GestionDeMisiones.dll" adapterTypeName="executor://xunit/VsTestRunner2/netcoreapp" className="GestionDeMisiones.Tests.UnitTests.Services.SolicitudServicePhase1Tests" name="UpdateAsync_PendienteAAtendiendo_SinHechiceroId_RetornaError" />
    </UnitTest>
    <UnitTest name="GestionDeMisiones.Tests.UnitTests.Models.MisionTests.Mision_TodosLosEstados_Validos(estado: CompletadaConFracaso)" storage="d:\uh\año 3\is\proyecto\jujutsu-kaisen-mission-management-system\backend\bin\debug\net9.0\gestiondemisiones.dll" id="4c850baa-b2b2-6d67-b4b7-f5f656af1b74">
      <Execution id="0f5925af-3a47-447a-90a7-f4e2ebae582c" />
      <TestMethod codeBase="D:\UH\Año 3\IS\Proyecto\Jujutsu-Kaisen-Mission-Management-System\backend\bin\Debug\net9.0\GestionDeMisiones.dll" adapterTypeName="executor://xunit/VsTestRunner2/netcoreapp" className="GestionDeMisiones.Tests.UnitTests.Models.MisionTests" name="Mision_TodosLosEstados_Validos" />
    </UnitTest>
    <UnitTest name="GestionDeMisiones.Tests.UnitTests.Models.MisionTests.Mision_PropiedadesAdicionales_ConfiguradasCorrectamente" storage="d:\uh\año 3\is\proyecto\jujutsu-kaisen-mission-management-system\backend\bin\debug\net9.0\gestiondemisiones.dll" id="695f7e30-762a-893a-6c84-8b354b68a2b2">
      <Execution id="753b98e4-d777-4d70-bf1c-116c54f80d3d" />
      <TestMethod codeBase="D:\UH\Año 3\IS\Proyecto\Jujutsu-Kaisen-Mission-Management-System\backend\bin\Debug\net9.0\GestionDeMisiones.dll" adapterTypeName="executor://xunit/VsTestRunner2/netcoreapp" className="GestionDeMisiones.Tests.UnitTests.Models.MisionTests" name="Mision_PropiedadesAdicionales_ConfiguradasCorrectamente" />
    </UnitTest>
    <UnitTest name="GestionDeMisiones.Tests.UnitTests.Models.MisionTests.Mision_TodosLosEstados_Validos(estado: Cancelada)" storage="d:\uh\año 3\is\proyecto\jujutsu-kaisen-mission-management-system\backend\bin\debug\net9.0\gestiondemisiones.dll" id="d276c8bb-09ab-6025-18a3-0220f1a2f5e0">
      <Execution id="38b4ecbf-cd71-4d23-a0f2-82120e5d32cf" />
      <TestMethod codeBase="D:\UH\Año 3\IS\Proyecto\Jujutsu-Kaisen-Mission-Management-System\backend\bin\Debug\net9.0\GestionDeMisiones.dll" adapterTypeName="executor://xunit/VsTestRunner2/netcoreapp" className="GestionDeMisiones.Tests.UnitTests.Models.MisionTests" name="Mision_TodosLosEstados_Validos" />
    </UnitTest>
    <UnitTest name="GestionDeMisiones.Tests.UnitTests.Services.MisionServicePhase2Tests.UpdateAsync_EnProgresoACompletadaFracaso_Ok" storage="d:\uh\año 3\is\proyecto\jujutsu-kaisen-mission-management-system\backend\bin\debug\net9.0\gestiondemisiones.dll" id="7c761b68-a596-9216-43d9-4556f51a9636">
      <Execution id="d0d9323a-f421-4329-b7ae-6a13ad0398df" />
      <TestMethod codeBase="D:\UH\Año 3\IS\Proyecto\Jujutsu-Kaisen-Mission-Management-System\backend\bin\Debug\net9.0\GestionDeMisiones.dll" adapterTypeName="executor://xunit/VsTestRunner2/netcoreapp" className="GestionDeMisiones.Tests.UnitTests.Services.MisionServicePhase2Tests" name="UpdateAsync_EnProgresoACompletadaFracaso_Ok" />
    </UnitTest>
    <UnitTest name="GestionDeMisiones.Tests.UnitTests.Repositories.SubordinacionRepositoryTests.SubordinacionRepository_ExisteRelacionActivaAsync_RetornaCorrecto" storage="d:\uh\año 3\is\proyecto\jujutsu-kaisen-mission-management-system\backend\bin\debug\net9.0\gestiondemisiones.dll" id="6a91453a-00d1-2ec7-720c-ecdd8c31c365">
      <Execution id="0480f28b-ce30-4490-8565-30937df3b540" />
      <TestMethod codeBase="D:\UH\Año 3\IS\Proyecto\Jujutsu-Kaisen-Mission-Management-System\backend\bin\Debug\net9.0\GestionDeMisiones.dll" adapterTypeName="executor://xunit/VsTestRunner2/netcoreapp" className="GestionDeMisiones.Tests.UnitTests.Repositories.SubordinacionRepositoryTests" name="SubordinacionRepository_ExisteRelacionActivaAsync_RetornaCorrecto" />
    </UnitTest>
    <UnitTest name="GestionDeMisiones.Tests.UnitTests.Models.MisionTests.Mision_TodosLosNivelesUrgencia_Validos(nivelUrgencia: EmergenciaCritica)" storage="d:\uh\año 3\is\proyecto\jujutsu-kaisen-mission-management-system\backend\bin\debug\net9.0\gestiondemisiones.dll" id="23d3e53b-d630-0b39-cc06-faf4adca5486">
      <Execution id="fd4df3ac-a036-43cc-87c6-bbb66fb0d96c" />
      <TestMethod codeBase="D:\UH\Año 3\IS\Proyecto\Jujutsu-Kaisen-Mission-Management-System\backend\bin\Debug\net9.0\GestionDeMisiones.dll" adapterTypeName="executor://xunit/VsTestRunner2/netcoreapp" className="GestionDeMisiones.Tests.UnitTests.Models.MisionTests" name="Mision_TodosLosNivelesUrgencia_Validos" />
    </UnitTest>
    <UnitTest name="GestionDeMisiones.Tests.UnitTests.Services.EstadisticaHechiceroServiceTests.EstadisticaHechiceroService_GetEfectividadMediosVsAltos_SinDatos_RetornaListaVacia" storage="d:\uh\año 3\is\proyecto\jujutsu-kaisen-mission-management-system\backend\bin\debug\net9.0\gestiondemisiones.dll" id="1813c822-4225-4018-d2c7-2093370f16df">
      <Execution id="5db12ef5-99c2-428d-b30e-b942c5bf307d" />
      <TestMethod codeBase="D:\UH\Año 3\IS\Proyecto\Jujutsu-Kaisen-Mission-Management-System\backend\bin\Debug\net9.0\GestionDeMisiones.dll" adapterTypeName="executor://xunit/VsTestRunner2/netcoreapp" className="GestionDeMisiones.Tests.UnitTests.Services.EstadisticaHechiceroServiceTests" name="EstadisticaHechiceroService_GetEfectividadMediosVsAltos_SinDatos_RetornaListaVacia" />
    </UnitTest>
    <UnitTest name="GestionDeMisiones.Tests.UnitTests.Models.MisionTests.Mision_FinalizarSinFechaFin_NoPermitidoParaCompletada" storage="d:\uh\año 3\is\proyecto\jujutsu-kaisen-mission-management-system\backend\bin\debug\net9.0\gestiondemisiones.dll" id="2d958dd2-2ab1-7d27-084b-1f501e001694">
      <Execution id="fda520bc-1dc5-4ae0-be61-a244f30c07bf" />
      <TestMethod codeBase="D:\UH\Año 3\IS\Proyecto\Jujutsu-Kaisen-Mission-Management-System\backend\bin\Debug\net9.0\GestionDeMisiones.dll" adapterTypeName="executor://xunit/VsTestRunner2/netcoreapp" className="GestionDeMisiones.Tests.UnitTests.Models.MisionTests" name="Mision_FinalizarSinFechaFin_NoPermitidoParaCompletada" />
    </UnitTest>
    <UnitTest name="GestionDeMisiones.Tests.UnitTests.Services.SolicitudServicePhase1Tests.UpdateAsync_SolicitudNoExiste_RetornaError" storage="d:\uh\año 3\is\proyecto\jujutsu-kaisen-mission-management-system\backend\bin\debug\net9.0\gestiondemisiones.dll" id="466cda45-ee29-0996-68c9-b7fec9b5fe41">
      <Execution id="bb0971d2-8b1c-47b9-a503-b4c56c32a9bb" />
      <TestMethod codeBase="D:\UH\Año 3\IS\Proyecto\Jujutsu-Kaisen-Mission-Management-System\backend\bin\Debug\net9.0\GestionDeMisiones.dll" adapterTypeName="executor://xunit/VsTestRunner2/netcoreapp" className="GestionDeMisiones.Tests.UnitTests.Services.SolicitudServicePhase1Tests" name="UpdateAsync_SolicitudNoExiste_RetornaError" />
    </UnitTest>
    <UnitTest name="GestionDeMisiones.Tests.UnitTests.Repositories.HechiceroRepositoryTests.HechiceroRepository_ObtenerPorId_RetornaHechiceroConDatosCompletos" storage="d:\uh\año 3\is\proyecto\jujutsu-kaisen-mission-management-system\backend\bin\debug\net9.0\gestiondemisiones.dll" id="73085fca-127c-6a4e-c777-651fa4a13064">
      <Execution id="8cefd074-6f6e-42bb-84ab-54dbcea84755" />
      <TestMethod codeBase="D:\UH\Año 3\IS\Proyecto\Jujutsu-Kaisen-Mission-Management-System\backend\bin\Debug\net9.0\GestionDeMisiones.dll" adapterTypeName="executor://xunit/VsTestRunner2/netcoreapp" className="GestionDeMisiones.Tests.UnitTests.Repositories.HechiceroRepositoryTests" name="HechiceroRepository_ObtenerPorId_RetornaHechiceroConDatosCompletos" />
    </UnitTest>
    <UnitTest name="GestionDeMisiones.Tests.UnitTests.Models.HechiceroTests.Hechicero_TodosLosEstadosValidos_CreaCorrectamente(estado: lesionado)" storage="d:\uh\año 3\is\proyecto\jujutsu-kaisen-mission-management-system\backend\bin\debug\net9.0\gestiondemisiones.dll" id="0e181609-b997-8589-79c3-8574d2722d76">
      <Execution id="ed45b4c6-4527-4a68-a3fd-cb69d7618ce1" />
      <TestMethod codeBase="D:\UH\Año 3\IS\Proyecto\Jujutsu-Kaisen-Mission-Management-System\backend\bin\Debug\net9.0\GestionDeMisiones.dll" adapterTypeName="executor://xunit/VsTestRunner2/netcoreapp" className="GestionDeMisiones.Tests.UnitTests.Models.HechiceroTests" name="Hechicero_TodosLosEstadosValidos_CreaCorrectamente" />
    </UnitTest>
    <UnitTest name="GestionDeMisiones.Tests.UnitTests.Repositories.HechiceroRepositoryTests.HechiceroRepository_GetAllAsync_RetornaTodosHechicerosConRelaciones" storage="d:\uh\año 3\is\proyecto\jujutsu-kaisen-mission-management-system\backend\bin\debug\net9.0\gestiondemisiones.dll" id="c425e8c3-9561-8ac7-e8ac-b991b5d13cd9">
      <Execution id="75a8d7a8-10ba-43ee-a5b1-f102297fb638" />
      <TestMethod codeBase="D:\UH\Año 3\IS\Proyecto\Jujutsu-Kaisen-Mission-Management-System\backend\bin\Debug\net9.0\GestionDeMisiones.dll" adapterTypeName="executor://xunit/VsTestRunner2/netcoreapp" className="GestionDeMisiones.Tests.UnitTests.Repositories.HechiceroRepositoryTests" name="HechiceroRepository_GetAllAsync_RetornaTodosHechicerosConRelaciones" />
    </UnitTest>
    <UnitTest name="GestionDeMisiones.Tests.UnitTests.Controllers.HechiceroControllerTests.HechiceroController_NewHechicero_ServiceLanzaExcepcion_RetornaBadRequest" storage="d:\uh\año 3\is\proyecto\jujutsu-kaisen-mission-management-system\backend\bin\debug\net9.0\gestiondemisiones.dll" id="ce6e2e02-5087-430d-dd91-eaaaa65f0502">
      <Execution id="d37b917b-cf21-472a-ae6b-f559cf809777" />
      <TestMethod codeBase="D:\UH\Año 3\IS\Proyecto\Jujutsu-Kaisen-Mission-Management-System\backend\bin\Debug\net9.0\GestionDeMisiones.dll" adapterTypeName="executor://xunit/VsTestRunner2/netcoreapp" className="GestionDeMisiones.Tests.UnitTests.Controllers.HechiceroControllerTests" name="HechiceroController_NewHechicero_ServiceLanzaExcepcion_RetornaBadRequest" />
    </UnitTest>
    <UnitTest name="GestionDeMisiones.Tests.UnitTests.Models.MisionTests.Mision_TodosLosNivelesUrgencia_Validos(nivelUrgencia: Urgente)" storage="d:\uh\año 3\is\proyecto\jujutsu-kaisen-mission-management-system\backend\bin\debug\net9.0\gestiondemisiones.dll" id="e4cb8bd1-4e22-de31-27d4-d253097bee69">
      <Execution id="b1431878-5b1f-48be-ac8d-5361d2c98bea" />
      <TestMethod codeBase="D:\UH\Año 3\IS\Proyecto\Jujutsu-Kaisen-Mission-Management-System\backend\bin\Debug\net9.0\GestionDeMisiones.dll" adapterTypeName="executor://xunit/VsTestRunner2/netcoreapp" className="GestionDeMisiones.Tests.UnitTests.Models.MisionTests" name="Mision_TodosLosNivelesUrgencia_Validos" />
    </UnitTest>
    <UnitTest name="GestionDeMisiones.Tests.UnitTests.Services.SolicitudServicePhase1Tests.UpdateAsync_PendienteAAtendiendo_CreaMisionYHechiceroEncargado" storage="d:\uh\año 3\is\proyecto\jujutsu-kaisen-mission-management-system\backend\bin\debug\net9.0\gestiondemisiones.dll" id="bf5629db-3021-9bb3-4f27-21a483bd2dba">
      <Execution id="4036622f-8ee5-4754-92c2-553af30f88a8" />
      <TestMethod codeBase="D:\UH\Año 3\IS\Proyecto\Jujutsu-Kaisen-Mission-Management-System\backend\bin\Debug\net9.0\GestionDeMisiones.dll" adapterTypeName="executor://xunit/VsTestRunner2/netcoreapp" className="GestionDeMisiones.Tests.UnitTests.Services.SolicitudServicePhase1Tests" name="UpdateAsync_PendienteAAtendiendo_CreaMisionYHechiceroEncargado" />
    </UnitTest>
    <UnitTest name="GestionDeMisiones.Tests.UnitTests.Controllers.HechiceroControllerTests.HechiceroController_NewHechicero_DatosInvalidos_RetornaBadRequest" storage="d:\uh\año 3\is\proyecto\jujutsu-kaisen-mission-management-system\backend\bin\debug\net9.0\gestiondemisiones.dll" id="47815620-c4b2-21a7-28ca-56e8ee15ec9e">
      <Execution id="c87baa63-65b2-4491-a109-bfe693a8fdfa" />
      <TestMethod codeBase="D:\UH\Año 3\IS\Proyecto\Jujutsu-Kaisen-Mission-Management-System\backend\bin\Debug\net9.0\GestionDeMisiones.dll" adapterTypeName="executor://xunit/VsTestRunner2/netcoreapp" className="GestionDeMisiones.Tests.UnitTests.Controllers.HechiceroControllerTests" name="HechiceroController_NewHechicero_DatosInvalidos_RetornaBadRequest" />
    </UnitTest>
    <UnitTest name="GestionDeMisiones.Tests.UnitTests.Controllers.HechiceroControllerTests.HechiceroController_GetHechiceroById_HechiceroExiste_RetornaOK" storage="d:\uh\año 3\is\proyecto\jujutsu-kaisen-mission-management-system\backend\bin\debug\net9.0\gestiondemisiones.dll" id="3a4fb8ae-c92c-2850-0b7d-20ea615d4cd7">
      <Execution id="1110e36c-2bb6-4f68-b0a2-cc699b31218a" />
      <TestMethod codeBase="D:\UH\Año 3\IS\Proyecto\Jujutsu-Kaisen-Mission-Management-System\backend\bin\Debug\net9.0\GestionDeMisiones.dll" adapterTypeName="executor://xunit/VsTestRunner2/netcoreapp" className="GestionDeMisiones.Tests.UnitTests.Controllers.HechiceroControllerTests" name="HechiceroController_GetHechiceroById_HechiceroExiste_RetornaOK" />
    </UnitTest>
    <UnitTest name="GestionDeMisiones.Tests.UnitTests.Services.SolicitudServicePhase1Tests.UpdateAsync_AtendienteAAtendida_NoDispararaCascada" storage="d:\uh\año 3\is\proyecto\jujutsu-kaisen-mission-management-system\backend\bin\debug\net9.0\gestiondemisiones.dll" id="80f8281a-0ca8-ddf1-8af0-40c1c9599c5e">
      <Execution id="5aa8c2c9-059d-4f9b-a652-43be5af69e02" />
      <TestMethod codeBase="D:\UH\Año 3\IS\Proyecto\Jujutsu-Kaisen-Mission-Management-System\backend\bin\Debug\net9.0\GestionDeMisiones.dll" adapterTypeName="executor://xunit/VsTestRunner2/netcoreapp" className="GestionDeMisiones.Tests.UnitTests.Services.SolicitudServicePhase1Tests" name="UpdateAsync_AtendienteAAtendida_NoDispararaCascada" />
    </UnitTest>
    <UnitTest name="GestionDeMisiones.Tests.UnitTests.Models.HechiceroTests.Hechicero_TodosLosGradosValidos_CreaCorrectamente(grado: aprendiz)" storage="d:\uh\año 3\is\proyecto\jujutsu-kaisen-mission-management-system\backend\bin\debug\net9.0\gestiondemisiones.dll" id="74a8d2b0-159b-ad41-4381-1a13aeedaa20">
      <Execution id="f3751a8c-07fd-4a84-b155-23d538f9d678" />
      <TestMethod codeBase="D:\UH\Año 3\IS\Proyecto\Jujutsu-Kaisen-Mission-Management-System\backend\bin\Debug\net9.0\GestionDeMisiones.dll" adapterTypeName="executor://xunit/VsTestRunner2/netcoreapp" className="GestionDeMisiones.Tests.UnitTests.Models.HechiceroTests" name="Hechicero_TodosLosGradosValidos_CreaCorrectamente" />
    </UnitTest>
    <UnitTest name="GestionDeMisiones.Tests.UnitTests.Services.SolicitudServicePhase1Tests.DeleteAsync_SolicitudEnAtendiendose_RechazaEliminar" storage="d:\uh\año 3\is\proyecto\jujutsu-kaisen-mission-management-system\backend\bin\debug\net9.0\gestiondemisiones.dll" id="798260e8-489d-7bf8-88a0-bca88b1ad416">
      <Execution id="fcde0614-eb8a-485e-8852-141eb45624c8" />
      <TestMethod codeBase="D:\UH\Año 3\IS\Proyecto\Jujutsu-Kaisen-Mission-Management-System\backend\bin\Debug\net9.0\GestionDeMisiones.dll" adapterTypeName="executor://xunit/VsTestRunner2/netcoreapp" className="GestionDeMisiones.Tests.UnitTests.Services.SolicitudServicePhase1Tests" name="DeleteAsync_SolicitudEnAtendiendose_RechazaEliminar" />
    </UnitTest>
    <UnitTest name="GestionDeMisiones.Tests.UnitTests.Models.HechiceroTests.Hechicero_TodosLosGradosValidos_CreaCorrectamente(grado: estudiante)" storage="d:\uh\año 3\is\proyecto\jujutsu-kaisen-mission-management-system\backend\bin\debug\net9.0\gestiondemisiones.dll" id="0980b918-45c1-f786-acc8-e9bff92899a3">
      <Execution id="fead099a-015b-4d66-ace4-3bc800f5aab0" />
      <TestMethod codeBase="D:\UH\Año 3\IS\Proyecto\Jujutsu-Kaisen-Mission-Management-System\backend\bin\Debug\net9.0\GestionDeMisiones.dll" adapterTypeName="executor://xunit/VsTestRunner2/netcoreapp" className="GestionDeMisiones.Tests.UnitTests.Models.HechiceroTests" name="Hechicero_TodosLosGradosValidos_CreaCorrectamente" />
    </UnitTest>
    <UnitTest name="GestionDeMisiones.Tests.UnitTests.Services.RankingHechiceroServiceTests.RankingHechiceroService_GetTopHechicerosPorNivelYUbicacion_SinResultados_RetornaListaVacia" storage="d:\uh\año 3\is\proyecto\jujutsu-kaisen-mission-management-system\backend\bin\debug\net9.0\gestiondemisiones.dll" id="0837c6ff-dbd4-a5e9-e181-2eba4516fc07">
      <Execution id="e2a629b0-aca5-405c-ba3d-cedf0daea907" />
      <TestMethod codeBase="D:\UH\Año 3\IS\Proyecto\Jujutsu-Kaisen-Mission-Management-System\backend\bin\Debug\net9.0\GestionDeMisiones.dll" adapterTypeName="executor://xunit/VsTestRunner2/netcoreapp" className="GestionDeMisiones.Tests.UnitTests.Services.RankingHechiceroServiceTests" name="RankingHechiceroService_GetTopHechicerosPorNivelYUbicacion_SinResultados_RetornaListaVacia" />
    </UnitTest>
    <UnitTest name="GestionDeMisiones.Tests.UnitTests.Models.HechiceroTests.Hechicero_CrearSinTecnicaPrincipal_PropiedadesCorrectas" storage="d:\uh\año 3\is\proyecto\jujutsu-kaisen-mission-management-system\backend\bin\debug\net9.0\gestiondemisiones.dll" id="84ad041f-63d3-1036-3cc2-708d07ff0907">
      <Execution id="befa5fdc-7503-41dd-ab80-5fa088a3e91e" />
      <TestMethod codeBase="D:\UH\Año 3\IS\Proyecto\Jujutsu-Kaisen-Mission-Management-System\backend\bin\Debug\net9.0\GestionDeMisiones.dll" adapterTypeName="executor://xunit/VsTestRunner2/netcoreapp" className="GestionDeMisiones.Tests.UnitTests.Models.HechiceroTests" name="Hechicero_CrearSinTecnicaPrincipal_PropiedadesCorrectas" />
    </UnitTest>
    <UnitTest name="GestionDeMisiones.Tests.UnitTests.Services.MisionServicePhase2Tests.UpdateAsync_PendienteAEnProgreso_CreaHechiceroEnMisionYActualizaSolicitud" storage="d:\uh\año 3\is\proyecto\jujutsu-kaisen-mission-management-system\backend\bin\debug\net9.0\gestiondemisiones.dll" id="0f2da0b3-ffe5-c9ac-0aaf-7776c7225219">
      <Execution id="c5fc1e9b-1a01-4359-ad68-23afd56b78f1" />
      <TestMethod codeBase="D:\UH\Año 3\IS\Proyecto\Jujutsu-Kaisen-Mission-Management-System\backend\bin\Debug\net9.0\GestionDeMisiones.dll" adapterTypeName="executor://xunit/VsTestRunner2/netcoreapp" className="GestionDeMisiones.Tests.UnitTests.Services.MisionServicePhase2Tests" name="UpdateAsync_PendienteAEnProgreso_CreaHechiceroEnMisionYActualizaSolicitud" />
    </UnitTest>
    <UnitTest name="GestionDeMisiones.Tests.UnitTests.Repositories.SubordinacionRepositoryTests.SubordinacionRepository_AddAsync_CreaSubordinacionCorrectamente" storage="d:\uh\año 3\is\proyecto\jujutsu-kaisen-mission-management-system\backend\bin\debug\net9.0\gestiondemisiones.dll" id="a07ddf8f-9d1d-8fcf-7545-557ea018b8c2">
      <Execution id="a6035a04-7a47-479f-8f2b-6d291f4e61e3" />
      <TestMethod codeBase="D:\UH\Año 3\IS\Proyecto\Jujutsu-Kaisen-Mission-Management-System\backend\bin\Debug\net9.0\GestionDeMisiones.dll" adapterTypeName="executor://xunit/VsTestRunner2/netcoreapp" className="GestionDeMisiones.Tests.UnitTests.Repositories.SubordinacionRepositoryTests" name="SubordinacionRepository_AddAsync_CreaSubordinacionCorrectamente" />
    </UnitTest>
    <UnitTest name="GestionDeMisiones.Tests.UnitTests.Models.HechiceroTests.Hechicero_TodosLosGradosValidos_CreaCorrectamente(grado: medio)" storage="d:\uh\año 3\is\proyecto\jujutsu-kaisen-mission-management-system\backend\bin\debug\net9.0\gestiondemisiones.dll" id="086e436c-1034-fbd7-91ae-d01b74fd948a">
      <Execution id="6ee0f801-6832-4f4f-8193-efe4d3887449" />
      <TestMethod codeBase="D:\UH\Año 3\IS\Proyecto\Jujutsu-Kaisen-Mission-Management-System\backend\bin\Debug\net9.0\GestionDeMisiones.dll" adapterTypeName="executor://xunit/VsTestRunner2/netcoreapp" className="GestionDeMisiones.Tests.UnitTests.Models.HechiceroTests" name="Hechicero_TodosLosGradosValidos_CreaCorrectamente" />
    </UnitTest>
    <UnitTest name="GestionDeMisiones.Tests.UnitTests.Models.MisionTests.Mision_TodosLosNivelesUrgencia_Validos(nivelUrgencia: Planificada)" storage="d:\uh\año 3\is\proyecto\jujutsu-kaisen-mission-management-system\backend\bin\debug\net9.0\gestiondemisiones.dll" id="173bdbd1-23d2-9a43-916e-cc780795a31d">
      <Execution id="abde58c1-7780-4899-8e40-a0b59d99519c" />
      <TestMethod codeBase="D:\UH\Año 3\IS\Proyecto\Jujutsu-Kaisen-Mission-Management-System\backend\bin\Debug\net9.0\GestionDeMisiones.dll" adapterTypeName="executor://xunit/VsTestRunner2/netcoreapp" className="GestionDeMisiones.Tests.UnitTests.Models.MisionTests" name="Mision_TodosLosNivelesUrgencia_Validos" />
    </UnitTest>
    <UnitTest name="GestionDeMisiones.Tests.UnitTests.Services.SubordinacionServiceTests.SubordinacionService_CrearAsync_MismoHechicero_LanzaExcepcion" storage="d:\uh\año 3\is\proyecto\jujutsu-kaisen-mission-management-system\backend\bin\debug\net9.0\gestiondemisiones.dll" id="d00c67b7-1a8f-886e-ab11-3f59f03bc8a3">
      <Execution id="534d8bac-c9db-4b66-b21a-0d9661df5e2b" />
      <TestMethod codeBase="D:\UH\Año 3\IS\Proyecto\Jujutsu-Kaisen-Mission-Management-System\backend\bin\Debug\net9.0\GestionDeMisiones.dll" adapterTypeName="executor://xunit/VsTestRunner2/netcoreapp" className="GestionDeMisiones.Tests.UnitTests.Services.SubordinacionServiceTests" name="SubordinacionService_CrearAsync_MismoHechicero_LanzaExcepcion" />
    </UnitTest>
    <UnitTest name="GestionDeMisiones.Tests.UnitTests.Models.HechiceroTests.Hechicero_TodosLosEstadosValidos_CreaCorrectamente(estado: inactivo)" storage="d:\uh\año 3\is\proyecto\jujutsu-kaisen-mission-management-system\backend\bin\debug\net9.0\gestiondemisiones.dll" id="8d7d3a81-52eb-7f07-8c09-ebf827bcb228">
      <Execution id="97fe047d-37c7-4598-9dcb-8ee4d873d91a" />
      <TestMethod codeBase="D:\UH\Año 3\IS\Proyecto\Jujutsu-Kaisen-Mission-Management-System\backend\bin\Debug\net9.0\GestionDeMisiones.dll" adapterTypeName="executor://xunit/VsTestRunner2/netcoreapp" className="GestionDeMisiones.Tests.UnitTests.Models.HechiceroTests" name="Hechicero_TodosLosEstadosValidos_CreaCorrectamente" />
    </UnitTest>
    <UnitTest name="GestionDeMisiones.Tests.UnitTests.Repositories.HechiceroRepositoryTests.HechiceroRepository_ObtenerPorId_MultiplesRelaciones_RetornaTodas" storage="d:\uh\año 3\is\proyecto\jujutsu-kaisen-mission-management-system\backend\bin\debug\net9.0\gestiondemisiones.dll" id="99339290-8964-02f5-1d71-0ce629c9af55">
      <Execution id="8c6d7f55-465f-4eea-af4e-23e5c31cb12f" />
      <TestMethod codeBase="D:\UH\Año 3\IS\Proyecto\Jujutsu-Kaisen-Mission-Management-System\backend\bin\Debug\net9.0\GestionDeMisiones.dll" adapterTypeName="executor://xunit/VsTestRunner2/netcoreapp" className="GestionDeMisiones.Tests.UnitTests.Repositories.HechiceroRepositoryTests" name="HechiceroRepository_ObtenerPorId_MultiplesRelaciones_RetornaTodas" />
    </UnitTest>
    <UnitTest name="GestionDeMisiones.Tests.UnitTests.Models.HechiceroTests.Hechicero_TodosLosGradosValidos_CreaCorrectamente(grado: alto)" storage="d:\uh\año 3\is\proyecto\jujutsu-kaisen-mission-management-system\backend\bin\debug\net9.0\gestiondemisiones.dll" id="cb0966d5-5797-434a-48b8-9f7580abf16d">
      <Execution id="46a24804-f560-426d-8162-086a458c80a4" />
      <TestMethod codeBase="D:\UH\Año 3\IS\Proyecto\Jujutsu-Kaisen-Mission-Management-System\backend\bin\Debug\net9.0\GestionDeMisiones.dll" adapterTypeName="executor://xunit/VsTestRunner2/netcoreapp" className="GestionDeMisiones.Tests.UnitTests.Models.HechiceroTests" name="Hechicero_TodosLosGradosValidos_CreaCorrectamente" />
    </UnitTest>
    <UnitTest name="GestionDeMisiones.Tests.UnitTests.Models.HechiceroTests.Hechicero_TodosLosEstadosValidos_CreaCorrectamente(estado: recuperandose)" storage="d:\uh\año 3\is\proyecto\jujutsu-kaisen-mission-management-system\backend\bin\debug\net9.0\gestiondemisiones.dll" id="045e75d3-1506-2db9-f93a-6b253bb1adb0">
      <Execution id="f50841ff-bee1-498b-94e0-e4513781ed65" />
      <TestMethod codeBase="D:\UH\Año 3\IS\Proyecto\Jujutsu-Kaisen-Mission-Management-System\backend\bin\Debug\net9.0\GestionDeMisiones.dll" adapterTypeName="executor://xunit/VsTestRunner2/netcoreapp" className="GestionDeMisiones.Tests.UnitTests.Models.HechiceroTests" name="Hechicero_TodosLosEstadosValidos_CreaCorrectamente" />
    </UnitTest>
    <UnitTest name="GestionDeMisiones.Tests.UnitTests.Repositories.SubordinacionRepositoryTests.SubordinacionRepository_GetByIdAsync_RetornaConRelaciones" storage="d:\uh\año 3\is\proyecto\jujutsu-kaisen-mission-management-system\backend\bin\debug\net9.0\gestiondemisiones.dll" id="99b30739-2ac0-210e-e768-867b88d0c436">
      <Execution id="e46b6785-bb23-4646-915d-0d3e478a1ae1" />
      <TestMethod codeBase="D:\UH\Año 3\IS\Proyecto\Jujutsu-Kaisen-Mission-Management-System\backend\bin\Debug\net9.0\GestionDeMisiones.dll" adapterTypeName="executor://xunit/VsTestRunner2/netcoreapp" className="GestionDeMisiones.Tests.UnitTests.Repositories.SubordinacionRepositoryTests" name="SubordinacionRepository_GetByIdAsync_RetornaConRelaciones" />
    </UnitTest>
    <UnitTest name="GestionDeMisiones.Tests.UnitTests.Services.RankingHechiceroServiceTests.RankingHechiceroService_GetTopHechicerosPorNivelYUbicacion_RetornaRankingCorrecto" storage="d:\uh\año 3\is\proyecto\jujutsu-kaisen-mission-management-system\backend\bin\debug\net9.0\gestiondemisiones.dll" id="3eccc366-98d3-f20b-908b-550ce7042925">
      <Execution id="05fe9051-79c4-4a01-8ee7-bf9fe91c55dd" />
      <TestMethod codeBase="D:\UH\Año 3\IS\Proyecto\Jujutsu-Kaisen-Mission-Management-System\backend\bin\Debug\net9.0\GestionDeMisiones.dll" adapterTypeName="executor://xunit/VsTestRunner2/netcoreapp" className="GestionDeMisiones.Tests.UnitTests.Services.RankingHechiceroServiceTests" name="RankingHechiceroService_GetTopHechicerosPorNivelYUbicacion_RetornaRankingCorrecto" />
    </UnitTest>
    <UnitTest name="GestionDeMisiones.Tests.UnitTests.Services.SubordinacionServiceTests.SubordinacionService_CrearAsync_ValidacionesCorrectas" storage="d:\uh\año 3\is\proyecto\jujutsu-kaisen-mission-management-system\backend\bin\debug\net9.0\gestiondemisiones.dll" id="5bd732fe-40a6-3f19-85eb-1b0ade32afcd">
      <Execution id="c19b2596-50e3-491e-9caa-5c3249ec541f" />
      <TestMethod codeBase="D:\UH\Año 3\IS\Proyecto\Jujutsu-Kaisen-Mission-Management-System\backend\bin\Debug\net9.0\GestionDeMisiones.dll" adapterTypeName="executor://xunit/VsTestRunner2/netcoreapp" className="GestionDeMisiones.Tests.UnitTests.Services.SubordinacionServiceTests" name="SubordinacionService_CrearAsync_ValidacionesCorrectas" />
    </UnitTest>
    <UnitTest name="GestionDeMisiones.Tests.UnitTests.Repositories.HechiceroRepositoryTests.HechiceroRepository_ObtenerPorId_HechiceroNoExiste_RetornaNull" storage="d:\uh\año 3\is\proyecto\jujutsu-kaisen-mission-management-system\backend\bin\debug\net9.0\gestiondemisiones.dll" id="7bef10ec-cfe5-9dfa-0c30-b540f72daf00">
      <Execution id="8cd0f019-55e4-4e29-9c45-2fcddc299465" />
      <TestMethod codeBase="D:\UH\Año 3\IS\Proyecto\Jujutsu-Kaisen-Mission-Management-System\backend\bin\Debug\net9.0\GestionDeMisiones.dll" adapterTypeName="executor://xunit/VsTestRunner2/netcoreapp" className="GestionDeMisiones.Tests.UnitTests.Repositories.HechiceroRepositoryTests" name="HechiceroRepository_ObtenerPorId_HechiceroNoExiste_RetornaNull" />
    </UnitTest>
    <UnitTest name="GestionDeMisiones.Tests.UnitTests.Services.MisionServicePhase2Tests.UpdateAsync_EnProgresoACancelada_ActualizaSolicitud" storage="d:\uh\año 3\is\proyecto\jujutsu-kaisen-mission-management-system\backend\bin\debug\net9.0\gestiondemisiones.dll" id="74db5b46-3a4b-a9c2-a5b0-304ede57fc20">
      <Execution id="534c49f1-76f7-4290-b44a-06cbe67e5922" />
      <TestMethod codeBase="D:\UH\Año 3\IS\Proyecto\Jujutsu-Kaisen-Mission-Management-System\backend\bin\Debug\net9.0\GestionDeMisiones.dll" adapterTypeName="executor://xunit/VsTestRunner2/netcoreapp" className="GestionDeMisiones.Tests.UnitTests.Services.MisionServicePhase2Tests" name="UpdateAsync_EnProgresoACancelada_ActualizaSolicitud" />
    </UnitTest>
    <UnitTest name="GestionDeMisiones.Tests.UnitTests.Services.SubordinacionServiceTests.SubordinacionService_GetAllAsync_RetornaTodasSubordinaciones" storage="d:\uh\año 3\is\proyecto\jujutsu-kaisen-mission-management-system\backend\bin\debug\net9.0\gestiondemisiones.dll" id="4636e77c-e9a0-2cbf-fc09-d7a5a7199beb">
      <Execution id="9d8d1e92-0e21-4e89-8e51-311a31065b42" />
      <TestMethod codeBase="D:\UH\Año 3\IS\Proyecto\Jujutsu-Kaisen-Mission-Management-System\backend\bin\Debug\net9.0\GestionDeMisiones.dll" adapterTypeName="executor://xunit/VsTestRunner2/netcoreapp" className="GestionDeMisiones.Tests.UnitTests.Services.SubordinacionServiceTests" name="SubordinacionService_GetAllAsync_RetornaTodasSubordinaciones" />
    </UnitTest>
    <UnitTest name="GestionDeMisiones.Tests.UnitTests.Controllers.HechiceroControllerTests.HechiceroController_GetAllHechicero_RetornaLista" storage="d:\uh\año 3\is\proyecto\jujutsu-kaisen-mission-management-system\backend\bin\debug\net9.0\gestiondemisiones.dll" id="b40c540a-4b47-40f1-907a-db2a922531a8">
      <Execution id="dfe1f20d-78ac-4ada-b78c-f867307d91c2" />
      <TestMethod codeBase="D:\UH\Año 3\IS\Proyecto\Jujutsu-Kaisen-Mission-Management-System\backend\bin\Debug\net9.0\GestionDeMisiones.dll" adapterTypeName="executor://xunit/VsTestRunner2/netcoreapp" className="GestionDeMisiones.Tests.UnitTests.Controllers.HechiceroControllerTests" name="HechiceroController_GetAllHechicero_RetornaLista" />
    </UnitTest>
    <UnitTest name="GestionDeMisiones.Tests.UnitTests.Models.MisionTests.Mision_CambiarEstado_TransicionesValidas" storage="d:\uh\año 3\is\proyecto\jujutsu-kaisen-mission-management-system\backend\bin\debug\net9.0\gestiondemisiones.dll" id="80ec020e-3397-e890-e983-b544df27349e">
      <Execution id="d6a278fd-3e35-47de-add2-1047fb1480af" />
      <TestMethod codeBase="D:\UH\Año 3\IS\Proyecto\Jujutsu-Kaisen-Mission-Management-System\backend\bin\Debug\net9.0\GestionDeMisiones.dll" adapterTypeName="executor://xunit/VsTestRunner2/netcoreapp" className="GestionDeMisiones.Tests.UnitTests.Models.MisionTests" name="Mision_CambiarEstado_TransicionesValidas" />
    </UnitTest>
    <UnitTest name="GestionDeMisiones.Tests.UnitTests.Models.MisionTests.Mision_TodosLosEstados_Validos(estado: Pendiente)" storage="d:\uh\año 3\is\proyecto\jujutsu-kaisen-mission-management-system\backend\bin\debug\net9.0\gestiondemisiones.dll" id="779d5a50-8bb0-e85e-fab8-a98f26ea0d58">
      <Execution id="d6bed0ba-d39b-4979-98af-7bea970c0662" />
      <TestMethod codeBase="D:\UH\Año 3\IS\Proyecto\Jujutsu-Kaisen-Mission-Management-System\backend\bin\Debug\net9.0\GestionDeMisiones.dll" adapterTypeName="executor://xunit/VsTestRunner2/netcoreapp" className="GestionDeMisiones.Tests.UnitTests.Models.MisionTests" name="Mision_TodosLosEstados_Validos" />
    </UnitTest>
    <UnitTest name="GestionDeMisiones.Tests.UnitTests.Services.SolicitudServicePhase1Tests.UpdateAsync_AtendienteAPendiente_EliminaYHechiceroEncargado" storage="d:\uh\año 3\is\proyecto\jujutsu-kaisen-mission-management-system\backend\bin\debug\net9.0\gestiondemisiones.dll" id="a9020cc8-21ad-ca06-b4ec-868a8c652bfa">
      <Execution id="75931708-d72a-4ece-b843-d9dc34c1d04d" />
      <TestMethod codeBase="D:\UH\Año 3\IS\Proyecto\Jujutsu-Kaisen-Mission-Management-System\backend\bin\Debug\net9.0\GestionDeMisiones.dll" adapterTypeName="executor://xunit/VsTestRunner2/netcoreapp" className="GestionDeMisiones.Tests.UnitTests.Services.SolicitudServicePhase1Tests" name="UpdateAsync_AtendienteAPendiente_EliminaYHechiceroEncargado" />
    </UnitTest>
    <UnitTest name="GestionDeMisiones.Tests.UnitTests.Models.MisionTests.Mision_TodosLosEstados_Validos(estado: EnProgreso)" storage="d:\uh\año 3\is\proyecto\jujutsu-kaisen-mission-management-system\backend\bin\debug\net9.0\gestiondemisiones.dll" id="338a8fb4-5991-f630-b4cd-514e89e935db">
      <Execution id="dbe055ef-ecaa-4073-b634-e5394ce830a4" />
      <TestMethod codeBase="D:\UH\Año 3\IS\Proyecto\Jujutsu-Kaisen-Mission-Management-System\backend\bin\Debug\net9.0\GestionDeMisiones.dll" adapterTypeName="executor://xunit/VsTestRunner2/netcoreapp" className="GestionDeMisiones.Tests.UnitTests.Models.MisionTests" name="Mision_TodosLosEstados_Validos" />
    </UnitTest>
  </TestDefinitions>
  <TestEntries>
    <TestEntry testId="06ec7ff9-485d-ec75-f564-55154180babc" executionId="0030d749-ae9d-4345-ae4a-08eb53dbe29e" testListId="8c84fa94-04c1-424b-9868-57a2d4851a1d" />
    <TestEntry testId="7c761b68-a596-9216-43d9-4556f51a9636" executionId="d0d9323a-f421-4329-b7ae-6a13ad0398df" testListId="8c84fa94-04c1-424b-9868-57a2d4851a1d" />
    <TestEntry testId="466cda45-ee29-0996-68c9-b7fec9b5fe41" executionId="bb0971d2-8b1c-47b9-a503-b4c56c32a9bb" testListId="8c84fa94-04c1-424b-9868-57a2d4851a1d" />
    <TestEntry testId="779d5a50-8bb0-e85e-fab8-a98f26ea0d58" executionId="d6bed0ba-d39b-4979-98af-7bea970c0662" testListId="8c84fa94-04c1-424b-9868-57a2d4851a1d" />
    <TestEntry testId="4c850baa-b2b2-6d67-b4b7-f5f656af1b74" executionId="0f5925af-3a47-447a-90a7-f4e2ebae582c" testListId="8c84fa94-04c1-424b-9868-57a2d4851a1d" />
    <TestEntry testId="80f8281a-0ca8-ddf1-8af0-40c1c9599c5e" executionId="5aa8c2c9-059d-4f9b-a652-43be5af69e02" testListId="8c84fa94-04c1-424b-9868-57a2d4851a1d" />
    <TestEntry testId="3a4fb8ae-c92c-2850-0b7d-20ea615d4cd7" executionId="1110e36c-2bb6-4f68-b0a2-cc699b31218a" testListId="8c84fa94-04c1-424b-9868-57a2d4851a1d" />
    <TestEntry testId="23d3e53b-d630-0b39-cc06-faf4adca5486" executionId="fd4df3ac-a036-43cc-87c6-bbb66fb0d96c" testListId="8c84fa94-04c1-424b-9868-57a2d4851a1d" />
    <TestEntry testId="695f7e30-762a-893a-6c84-8b354b68a2b2" executionId="753b98e4-d777-4d70-bf1c-116c54f80d3d" testListId="8c84fa94-04c1-424b-9868-57a2d4851a1d" />
    <TestEntry testId="62d85730-417e-8c32-bf6b-9d5c1581f4e6" executionId="3b7d4424-69e7-4ed6-b2f2-370f0e8da432" testListId="8c84fa94-04c1-424b-9868-57a2d4851a1d" />
    <TestEntry testId="4636e77c-e9a0-2cbf-fc09-d7a5a7199beb" executionId="9d8d1e92-0e21-4e89-8e51-311a31065b42" testListId="8c84fa94-04c1-424b-9868-57a2d4851a1d" />
    <TestEntry testId="01389281-fd4f-66c4-78ee-69bebbd55c30" executionId="0102aca9-1817-4dc3-90c9-7af1896c3a3c" testListId="8c84fa94-04c1-424b-9868-57a2d4851a1d" />
    <TestEntry testId="a07ddf8f-9d1d-8fcf-7545-557ea018b8c2" executionId="a6035a04-7a47-479f-8f2b-6d291f4e61e3" testListId="8c84fa94-04c1-424b-9868-57a2d4851a1d" />
    <TestEntry testId="bf5629db-3021-9bb3-4f27-21a483bd2dba" executionId="4036622f-8ee5-4754-92c2-553af30f88a8" testListId="8c84fa94-04c1-424b-9868-57a2d4851a1d" />
    <TestEntry testId="45389bdb-f074-0b73-e890-302847beb7e1" executionId="cd3d694a-fe22-45a6-85ac-5b896c7be409" testListId="8c84fa94-04c1-424b-9868-57a2d4851a1d" />
    <TestEntry testId="8d7d3a81-52eb-7f07-8c09-ebf827bcb228" executionId="97fe047d-37c7-4598-9dcb-8ee4d873d91a" testListId="8c84fa94-04c1-424b-9868-57a2d4851a1d" />
    <TestEntry testId="045e75d3-1506-2db9-f93a-6b253bb1adb0" executionId="f50841ff-bee1-498b-94e0-e4513781ed65" testListId="8c84fa94-04c1-424b-9868-57a2d4851a1d" />
    <TestEntry testId="b931cff3-6346-ebca-76fe-d495438a0363" executionId="642c4e2e-532d-496c-a788-9b681e5cb789" testListId="8c84fa94-04c1-424b-9868-57a2d4851a1d" />
    <TestEntry testId="6686a9b6-c1ef-3130-708e-907dde788a85" executionId="2cc4847f-7c36-4f1a-9d3b-0d705dd4719e" testListId="8c84fa94-04c1-424b-9868-57a2d4851a1d" />
    <TestEntry testId="338a8fb4-5991-f630-b4cd-514e89e935db" executionId="dbe055ef-ecaa-4073-b634-e5394ce830a4" testListId="8c84fa94-04c1-424b-9868-57a2d4851a1d" />
    <TestEntry testId="99b30739-2ac0-210e-e768-867b88d0c436" executionId="e46b6785-bb23-4646-915d-0d3e478a1ae1" testListId="8c84fa94-04c1-424b-9868-57a2d4851a1d" />
    <TestEntry testId="0eb0deed-ef2f-3eb2-5d7e-e8e3422db461" executionId="da7540fe-65c5-4bb2-bd89-b7a34815dc9e" testListId="8c84fa94-04c1-424b-9868-57a2d4851a1d" />
    <TestEntry testId="dc4a5513-7520-0fc9-7720-55622c55c95a" executionId="f74ff0c2-5f25-4836-8b2a-80c72fb0670b" testListId="8c84fa94-04c1-424b-9868-57a2d4851a1d" />
    <TestEntry testId="249f3ab1-6a72-f8ad-3a50-48df5e7645a2" executionId="c09511bd-7c07-414b-a024-a388d0715e0d" testListId="8c84fa94-04c1-424b-9868-57a2d4851a1d" />
    <TestEntry testId="73085fca-127c-6a4e-c777-651fa4a13064" executionId="8cefd074-6f6e-42bb-84ab-54dbcea84755" testListId="8c84fa94-04c1-424b-9868-57a2d4851a1d" />
    <TestEntry testId="47815620-c4b2-21a7-28ca-56e8ee15ec9e" executionId="c87baa63-65b2-4491-a109-bfe693a8fdfa" testListId="8c84fa94-04c1-424b-9868-57a2d4851a1d" />
    <TestEntry testId="6a91453a-00d1-2ec7-720c-ecdd8c31c365" executionId="0480f28b-ce30-4490-8565-30937df3b540" testListId="8c84fa94-04c1-424b-9868-57a2d4851a1d" />
    <TestEntry testId="1813c822-4225-4018-d2c7-2093370f16df" executionId="5db12ef5-99c2-428d-b30e-b942c5bf307d" testListId="8c84fa94-04c1-424b-9868-57a2d4851a1d" />
    <TestEntry testId="9bb426b9-0a71-dbe1-5f9b-5637efce700e" executionId="7da57259-9c15-4dca-96cb-b9994996d9ab" testListId="8c84fa94-04c1-424b-9868-57a2d4851a1d" />
    <TestEntry testId="0e181609-b997-8589-79c3-8574d2722d76" executionId="ed45b4c6-4527-4a68-a3fd-cb69d7618ce1" testListId="8c84fa94-04c1-424b-9868-57a2d4851a1d" />
    <TestEntry testId="5bd732fe-40a6-3f19-85eb-1b0ade32afcd" executionId="c19b2596-50e3-491e-9caa-5c3249ec541f" testListId="8c84fa94-04c1-424b-9868-57a2d4851a1d" />
    <TestEntry testId="bccccb9c-7e93-41df-feab-45010faaddea" executionId="e96369f9-fc14-44ba-a7e5-eee32d83ae3e" testListId="8c84fa94-04c1-424b-9868-57a2d4851a1d" />
    <TestEntry testId="a9020cc8-21ad-ca06-b4ec-868a8c652bfa" executionId="75931708-d72a-4ece-b843-d9dc34c1d04d" testListId="8c84fa94-04c1-424b-9868-57a2d4851a1d" />
    <TestEntry testId="0980b918-45c1-f786-acc8-e9bff92899a3" executionId="fead099a-015b-4d66-ace4-3bc800f5aab0" testListId="8c84fa94-04c1-424b-9868-57a2d4851a1d" />
    <TestEntry testId="b40c540a-4b47-40f1-907a-db2a922531a8" executionId="dfe1f20d-78ac-4ada-b78c-f867307d91c2" testListId="8c84fa94-04c1-424b-9868-57a2d4851a1d" />
    <TestEntry testId="c425e8c3-9561-8ac7-e8ac-b991b5d13cd9" executionId="75a8d7a8-10ba-43ee-a5b1-f102297fb638" testListId="8c84fa94-04c1-424b-9868-57a2d4851a1d" />
    <TestEntry testId="0f2da0b3-ffe5-c9ac-0aaf-7776c7225219" executionId="c5fc1e9b-1a01-4359-ad68-23afd56b78f1" testListId="8c84fa94-04c1-424b-9868-57a2d4851a1d" />
    <TestEntry testId="8b17dc26-8537-a08c-4506-48bfe74f2290" executionId="cd0393c3-5c8b-4dbe-a5c0-f1c50e265fe1" testListId="8c84fa94-04c1-424b-9868-57a2d4851a1d" />
    <TestEntry testId="2614f46e-7596-1947-732a-c91953790c99" executionId="22bca8b9-d6e7-4f6d-b5ac-3a395186ef5d" testListId="8c84fa94-04c1-424b-9868-57a2d4851a1d" />
    <TestEntry testId="086e436c-1034-fbd7-91ae-d01b74fd948a" executionId="6ee0f801-6832-4f4f-8193-efe4d3887449" testListId="8c84fa94-04c1-424b-9868-57a2d4851a1d" />
    <TestEntry testId="d24d099a-e9e8-49df-e053-ba525fbe433e" executionId="921acf79-c03b-4e49-b896-d324904461c9" testListId="8c84fa94-04c1-424b-9868-57a2d4851a1d" />
    <TestEntry testId="74a8d2b0-159b-ad41-4381-1a13aeedaa20" executionId="f3751a8c-07fd-4a84-b155-23d538f9d678" testListId="8c84fa94-04c1-424b-9868-57a2d4851a1d" />
    <TestEntry testId="d00c67b7-1a8f-886e-ab11-3f59f03bc8a3" executionId="534d8bac-c9db-4b66-b21a-0d9661df5e2b" testListId="8c84fa94-04c1-424b-9868-57a2d4851a1d" />
    <TestEntry testId="3eccc366-98d3-f20b-908b-550ce7042925" executionId="05fe9051-79c4-4a01-8ee7-bf9fe91c55dd" testListId="8c84fa94-04c1-424b-9868-57a2d4851a1d" />
    <TestEntry testId="33d18c13-3aa0-f6d4-a8c7-956013512fef" executionId="f6360e8f-da45-45a7-b734-e3436c4b68b9" testListId="8c84fa94-04c1-424b-9868-57a2d4851a1d" />
    <TestEntry testId="0837c6ff-dbd4-a5e9-e181-2eba4516fc07" executionId="e2a629b0-aca5-405c-ba3d-cedf0daea907" testListId="8c84fa94-04c1-424b-9868-57a2d4851a1d" />
    <TestEntry testId="c4cd6b22-e58a-ee7d-8d45-bc92525e21fd" executionId="8e2a4fbe-4caa-4d15-b5f9-56f5d12c208e" testListId="8c84fa94-04c1-424b-9868-57a2d4851a1d" />
    <TestEntry testId="74db5b46-3a4b-a9c2-a5b0-304ede57fc20" executionId="534c49f1-76f7-4290-b44a-06cbe67e5922" testListId="8c84fa94-04c1-424b-9868-57a2d4851a1d" />
    <TestEntry testId="d276c8bb-09ab-6025-18a3-0220f1a2f5e0" executionId="38b4ecbf-cd71-4d23-a0f2-82120e5d32cf" testListId="8c84fa94-04c1-424b-9868-57a2d4851a1d" />
    <TestEntry testId="173bdbd1-23d2-9a43-916e-cc780795a31d" executionId="abde58c1-7780-4899-8e40-a0b59d99519c" testListId="8c84fa94-04c1-424b-9868-57a2d4851a1d" />
    <TestEntry testId="80ec020e-3397-e890-e983-b544df27349e" executionId="d6a278fd-3e35-47de-add2-1047fb1480af" testListId="8c84fa94-04c1-424b-9868-57a2d4851a1d" />
    <TestEntry testId="798260e8-489d-7bf8-88a0-bca88b1ad416" executionId="fcde0614-eb8a-485e-8852-141eb45624c8" testListId="8c84fa94-04c1-424b-9868-57a2d4851a1d" />
    <TestEntry testId="e4cb8bd1-4e22-de31-27d4-d253097bee69" executionId="b1431878-5b1f-48be-ac8d-5361d2c98bea" testListId="8c84fa94-04c1-424b-9868-57a2d4851a1d" />
    <TestEntry testId="84ad041f-63d3-1036-3cc2-708d07ff0907" executionId="befa5fdc-7503-41dd-ab80-5fa088a3e91e" testListId="8c84fa94-04c1-424b-9868-57a2d4851a1d" />
    <TestEntry testId="9b53400c-0f47-931f-c8e7-ba06ed90a64c" executionId="65ae25ed-e6f3-4425-8d2f-972defbcc957" testListId="8c84fa94-04c1-424b-9868-57a2d4851a1d" />
    <TestEntry testId="ce6e2e02-5087-430d-dd91-eaaaa65f0502" executionId="d37b917b-cf21-472a-ae6b-f559cf809777" testListId="8c84fa94-04c1-424b-9868-57a2d4851a1d" />
    <TestEntry testId="2d958dd2-2ab1-7d27-084b-1f501e001694" executionId="fda520bc-1dc5-4ae0-be61-a244f30c07bf" testListId="8c84fa94-04c1-424b-9868-57a2d4851a1d" />
    <TestEntry testId="7bef10ec-cfe5-9dfa-0c30-b540f72daf00" executionId="8cd0f019-55e4-4e29-9c45-2fcddc299465" testListId="8c84fa94-04c1-424b-9868-57a2d4851a1d" />
    <TestEntry testId="99339290-8964-02f5-1d71-0ce629c9af55" executionId="8c6d7f55-465f-4eea-af4e-23e5c31cb12f" testListId="8c84fa94-04c1-424b-9868-57a2d4851a1d" />
    <TestEntry testId="45463d45-bbbe-a023-82fc-0196beff1ee3" executionId="cac86251-b7ab-49d1-ba9d-66e7f13d616f" testListId="8c84fa94-04c1-424b-9868-57a2d4851a1d" />
    <TestEntry testId="cb0966d5-5797-434a-48b8-9f7580abf16d" executionId="46a24804-f560-426d-8162-086a458c80a4" testListId="8c84fa94-04c1-424b-9868-57a2d4851a1d" />
    <TestEntry testId="240c4b9c-4e06-57ae-1cf6-6472ebdf2a8c" executionId="3bda6f93-837c-4407-b290-c6f07b22499b" testListId="8c84fa94-04c1-424b-9868-57a2d4851a1d" />
    <TestEntry testId="8e9d30e8-fa5f-7d83-c8b6-c209f6924dba" executionId="215ec313-552e-4875-bf44-11af64f3159f" testListId="8c84fa94-04c1-424b-9868-57a2d4851a1d" />
  </TestEntries>
  <TestLists>
    <TestList name="Results Not in a List" id="8c84fa94-04c1-424b-9868-57a2d4851a1d" />
    <TestList name="All Loaded Results" id="19431567-8539-422a-85d7-44ee4e166bda" />
  </TestLists>
  <ResultSummary outcome="Completed">
    <Counters total="63" executed="63" passed="63" failed="0" error="0" timeout="0" aborted="0" inconclusive="0" passedButRunAborted="0" notRunnable="0" notExecuted="0" disconnected="0" warning="0" completed="0" inProgress="0" pending="0" />
    <Output>
      <StdOut>[xUnit.net 00:00:00.00] xUnit.net VSTest Adapter v2.8.2+699d445a1a (64-bit .NET 9.0.11)&#xD;
[xUnit.net 00:00:00.21]   Discovering: GestionDeMisiones&#xD;
[xUnit.net 00:00:00.40]   Discovered:  GestionDeMisiones&#xD;
[xUnit.net 00:00:00.42]   Starting:    GestionDeMisiones&#xD;
[xUnit.net 00:00:01.89]   Finished:    GestionDeMisiones&#xD;
</StdOut>
    </Output>
  </ResultSummary>
</TestRun>